#
# A fatal error has been detected by the Java Runtime Environment:
#
#  SIGSEGV (0xb) at pc=0x00007f3b9aea4b79, pid=10302, tid=139894529701632
#
# JRE version: Java(TM) SE Runtime Environment (8.0_45-b14) (build 1.8.0_45-b14)
# Java VM: Java HotSpot(TM) 64-Bit Server VM (25.45-b02 mixed mode linux-amd64 compressed oops)
# Problematic frame:
# C  [libnvidia-glcore.so.319.72+0x13ffb79]
#
# Failed to write core dump. Core dumps have been disabled. To enable core dumping, try "ulimit -c unlimited" before starting Java again
#
# If you would like to submit a bug report, please visit:
#   http://bugreport.java.com/bugreport/crash.jsp
# The crash happened outside the Java Virtual Machine in native code.
# See problematic frame for where to report the bug.
#

---------------  T H R E A D  ---------------

Current thread (0x00007f3be41bf000):  JavaThread "QuantumRenderer-0" daemon [_thread_in_native, id=10317, stack(0x00007f3bbbafb000,0x00007f3bbbbfc000)]

siginfo: si_signo: 11 (SIGSEGV), si_code: 1 (SEGV_MAPERR), si_addr: 0x00000000000003b0

Registers:
RAX=0x0000000000000000, RBX=0x0000000000000000, RCX=0x00007f3b9c51e8f0, RDX=0x00007f3b9d893e60
RSP=0x00007f3bbbbf9ad0, RBP=0x0000000000000002, RSI=0x0000000000000002, RDI=0x00007f3b9c382178
R8 =0x00007f3b9c51ff50, R9 =0x0000000000000000, R10=0x0000000000000001, R11=0x00007f3bb86aa450
R12=0x00007f3b9c382130, R13=0x00007f3b9c381aa0, R14=0x00007f3b9c381aa0, R15=0x00007f3b9bf748a8
RIP=0x00007f3b9aea4b79, EFLAGS=0x0000000000010297, CSGSFS=0x0000000000000033, ERR=0x0000000000000004
  TRAPNO=0x000000000000000e

Top of Stack: (sp=0x00007f3bbbbf9ad0)
0x00007f3bbbbf9ad0:   00007f3b9d893e60 00007f3b9c3d9bd0
0x00007f3bbbbf9ae0:   00007f3b9c51ede0 00007f3b9aed884d
0x00007f3bbbbf9af0:   00007f3bbbbf9b9c 00007f3b9c51ed10
0x00007f3bbbbf9b00:   0000000000000002 000000004041a000
0x00007f3bbbbf9b10:   000000024049bfb8 000000004049c6b8
0x00007f3bbbbf9b20:   000000004041a000 00007f3b00000000
0x00007f3bbbbf9b30:   0000000000000000 0000000000000000
0x00007f3bbbbf9b40:   00007f3b9c0b8ee0 00007f3b9c206bd0
0x00007f3bbbbf9b50:   00000000bbbf9bf8 0000000000000001
0x00007f3bbbbf9b60:   00007f3bbbbf9ccc 0000000000000002
0x00007f3bbbbf9b70:   0000000000000000 00007f3b9c51ede0
0x00007f3bbbbf9b80:   0000000000000004 0000000000000003
0x00007f3bbbbf9b90:   0000000000000002 00007f3b9c51e8f0
0x00007f3bbbbf9ba0:   00007f3b9bf748a8 00007f3b9ac0f815
0x00007f3bbbbf9bb0:   00007f3b8b7e1304 0000000a8b7e13c4
0x00007f3bbbbf9bc0:   00007f3bbbbf9c90 00007f3bbbbf9cf0
0x00007f3bbbbf9bd0:   00007f3bbbbf9ce0 0000000040457cc0
0x00007f3bbbbf9be0:   000000004041a000 000000004049c6b8
0x00007f3bbbbf9bf0:   0000000000000000 0000000a00000000
0x00007f3bbbbf9c00:   000000004049c6d0 000000004049c6b8
0x00007f3bbbbf9c10:   0000000200000000 0000000000000000
0x00007f3bbbbf9c20:   00007f3bbbbf9cc0 00007f3b8b7e156c
0x00007f3bbbbf9c30:   00007f3b9c2071f8 00007f3b9c382178
0x00007f3bbbbf9c40:   00000000000000a0 00007f3b9b0187e4
0x00007f3bbbbf9c50:   0000000b00000000 0000000000000002
0x00007f3bbbbf9c60:   00007f3b9bf748c8 0000000000000002
0x00007f3bbbbf9c70:   0000000000000002 0000000000000002
0x00007f3bbbbf9c80:   00007f3bbbbf9cc0 000000004049c6d0
0x00007f3bbbbf9c90:   00007f3b9c51e8f0 0000000400000000
0x00007f3bbbbf9ca0:   0000000000000001 00007f3b9c51e8f0
0x00007f3bbbbf9cb0:   0000000400000000 0000000000000001
0x00007f3bbbbf9cc0:   00007f3b9c51e8f0 0000000000000100 

Instructions: (pc=0x00007f3b9aea4b79)
0x00007f3b9aea4b59:   f0 31 db 4c 89 64 24 f8 48 83 ec 18 83 fe 09 4c
0x00007f3b9aea4b69:   8b a7 40 0c 00 00 77 15 49 8b 44 24 38 48 63 ee
0x00007f3b9aea4b79:   48 8b 9c e8 a0 03 00 00 48 85 db 74 16 48 89 d8
0x00007f3b9aea4b89:   48 8b 6c 24 08 48 8b 1c 24 4c 8b 64 24 10 48 83 

Register to memory mapping:

RAX=0x0000000000000000 is an unknown value
RBX=0x0000000000000000 is an unknown value
RCX=0x00007f3b9c51e8f0 is an unknown value
RDX=0x00007f3b9d893e60 is an unknown value
RSP=0x00007f3bbbbf9ad0 is pointing into the stack for thread: 0x00007f3be41bf000
RBP=0x0000000000000002 is an unknown value
RSI=0x0000000000000002 is an unknown value
RDI=0x00007f3b9c382178 is an unknown value
R8 =0x00007f3b9c51ff50 is an unknown value
R9 =0x0000000000000000 is an unknown value
R10=0x0000000000000001 is an unknown value
R11=0x00007f3bb86aa450: <offset 0xaa450> in /usr/lib/x86_64-linux-gnu/libGL.so.1 at 0x00007f3bb8600000
R12=0x00007f3b9c382130 is an unknown value
R13=0x00007f3b9c381aa0 is an unknown value
R14=0x00007f3b9c381aa0 is an unknown value
R15=0x00007f3b9bf748a8: <offset 0x24cf8a8> in /usr/lib/x86_64-linux-gnu/libnvidia-glcore.so.319.72 at 0x00007f3b99aa5000


Stack: [0x00007f3bbbafb000,0x00007f3bbbbfc000],  sp=0x00007f3bbbbf9ad0,  free space=1018k
Native frames: (J=compiled Java code, j=interpreted, Vv=VM code, C=native code)
C  [libnvidia-glcore.so.319.72+0x13ffb79]

Java frames: (J=compiled Java code, j=interpreted, Vv=VM code)
j  com.sun.prism.es2.GLContext.nCreateFBO(JI)I+0
j  com.sun.prism.es2.GLContext.createFBO(I)I+19
j  com.sun.prism.es2.ES2RTTexture.create(Lcom/sun/prism/es2/ES2Context;IILcom/sun/prism/Texture$WrapMode;Z)Lcom/sun/prism/es2/ES2RTTexture;+480
j  com.sun.prism.es2.ES2ResourceFactory.createRTTexture(IILcom/sun/prism/Texture$WrapMode;Z)Lcom/sun/prism/RTTexture;+9
J 7340 C1 com.sun.prism.es2.ES2SwapChain.createGraphics()Lcom/sun/prism/es2/ES2Graphics; (200 bytes) @ 0x00007f3bd470a1c4 [0x00007f3bd4709680+0xb44]
J 7339 C1 com.sun.prism.es2.ES2SwapChain.createGraphics()Lcom/sun/prism/Graphics; (5 bytes) @ 0x00007f3bd47da28c [0x00007f3bd47da200+0x8c]
J 6908 C1 com.sun.javafx.tk.quantum.PresentingPainter.run()V (675 bytes) @ 0x00007f3bd56891cc [0x00007f3bd56875a0+0x1c2c]
J 7332 C1 java.util.concurrent.Executors$RunnableAdapter.call()Ljava/lang/Object; (14 bytes) @ 0x00007f3bd553078c [0x00007f3bd5530680+0x10c]
J 7331 C1 java.util.concurrent.FutureTask.runAndReset()Z (128 bytes) @ 0x00007f3bd501d31c [0x00007f3bd501d0c0+0x25c]
J 6903 C1 com.sun.javafx.tk.RenderJob.run()V (105 bytes) @ 0x00007f3bd480392c [0x00007f3bd48038a0+0x8c]
j  java.util.concurrent.ThreadPoolExecutor.runWorker(Ljava/util/concurrent/ThreadPoolExecutor$Worker;)V+95
j  java.util.concurrent.ThreadPoolExecutor$Worker.run()V+5
j  com.sun.javafx.tk.quantum.QuantumRenderer$PipelineRunnable.run()V+8
j  java.lang.Thread.run()V+11
v  ~StubRoutines::call_stub

---------------  P R O C E S S  ---------------

Java Threads: ( => current thread )
  0x00007f3b8c3f2800 JavaThread "Prism Font Disposer" daemon [_thread_blocked, id=10357, stack(0x00007f3b913b5000,0x00007f3b914b6000)]
  0x00007f3b8c308000 JavaThread "Thread-44" [_thread_blocked, id=10356, stack(0x00007f3b911b3000,0x00007f3b912b4000)]
  0x00007f3b8c306000 JavaThread "RSBRemoteServer[/appmanager/registry/ctrl/]WatchDog" [_thread_blocked, id=10355, stack(0x00007f3b912b4000,0x00007f3b913b5000)]
  0x00007f3bac201800 JavaThread "Thread-42" [_thread_blocked, id=10353, stack(0x00007f3b917b9000,0x00007f3b918ba000)]
  0x00007f3b8c304000 JavaThread "RSBListener[/appmanager/registry/status/]WatchDog" [_thread_blocked, id=10352, stack(0x00007f3b914b6000,0x00007f3b915b7000)]
  0x00007f3b8c302000 JavaThread "Thread-41" [_thread_blocked, id=10351, stack(0x00007f3b915b7000,0x00007f3b916b8000)]
  0x00007f3b8c301000 JavaThread "RSBRemoteServer[/agentmanager/registry/ctrl/]WatchDog" [_thread_blocked, id=10350, stack(0x00007f3b916b8000,0x00007f3b917b9000)]
  0x00007f3b84113000 JavaThread "Thread-39" [_thread_blocked, id=10348, stack(0x00007f3b918ba000,0x00007f3b919bb000)]
  0x00007f3b8c2ff000 JavaThread "RSBListener[/agentmanager/registry/status/]WatchDog" [_thread_blocked, id=10347, stack(0x00007f3b91bbd000,0x00007f3b91cbe000)]
  0x00007f3b8c2fc800 JavaThread "Thread-38" [_thread_blocked, id=10346, stack(0x00007f3b919bb000,0x00007f3b91abc000)]
  0x00007f3b8c2fb000 JavaThread "RSBRemoteServer[/scenemanager/registry/ctrl/]WatchDog" [_thread_blocked, id=10345, stack(0x00007f3b91abc000,0x00007f3b91bbd000)]
  0x00007f3bc4002000 JavaThread "Thread-36" [_thread_blocked, id=10343, stack(0x00007f3b91cbe000,0x00007f3b91dbf000)]
  0x00007f3b8c2fa000 JavaThread "RSBListener[/scenemanager/registry/status/]WatchDog" [_thread_blocked, id=10342, stack(0x00007f3b91fc1000,0x00007f3b920c2000)]
  0x00007f3b8c2f5000 JavaThread "Thread-35" [_thread_blocked, id=10341, stack(0x00007f3b91dbf000,0x00007f3b91ec0000)]
  0x00007f3b8c2f4000 JavaThread "RSBRemoteServer[/locationmanager/registry/ctrl/]WatchDog" [_thread_blocked, id=10340, stack(0x00007f3b91ec0000,0x00007f3b91fc1000)]
  0x00007f3bb4001000 JavaThread "Thread-33" [_thread_blocked, id=10338, stack(0x00007f3b920c2000,0x00007f3b921c3000)]
  0x00007f3b8c2f3000 JavaThread "RSBListener[/locationmanager/registry/status/]WatchDog" [_thread_blocked, id=10337, stack(0x00007f3b923c5000,0x00007f3b924c6000)]
  0x00007f3b8c2e9800 JavaThread "Thread-32" [_thread_blocked, id=10336, stack(0x00007f3b921c3000,0x00007f3b922c4000)]
  0x00007f3b8c2e8000 JavaThread "RSBRemoteServer[/devicemanager/registry/ctrl/]WatchDog" [_thread_blocked, id=10335, stack(0x00007f3b922c4000,0x00007f3b923c5000)]
  0x00007f3ba8006800 JavaThread "Thread-30" [_thread_blocked, id=10333, stack(0x00007f3b924c6000,0x00007f3b925c7000)]
  0x00007f3b8c2e7000 JavaThread "RSBListener[/devicemanager/registry/status/]WatchDog" [_thread_blocked, id=10332, stack(0x00007f3b929c9000,0x00007f3b92aca000)]
  0x00007f3b8c2af000 JavaThread "Thread-29" [_thread_blocked, id=10331, stack(0x00007f3b927c7000,0x00007f3b928c8000)]
  0x00007f3b8c2ad800 JavaThread "RSBRemoteServer[/devicemanager/registry/ctrl/]WatchDog" [_thread_blocked, id=10330, stack(0x00007f3b928c8000,0x00007f3b929c9000)]
  0x00000000022f4800 JavaThread "Thread-27" [_thread_blocked, id=10328, stack(0x00007f3b92aca000,0x00007f3b92bcb000)]
  0x00000000022f0000 JavaThread "Thread-26" [_thread_blocked, id=10327, stack(0x00007f3b92bcb000,0x00007f3b92ccc000)]
  0x00000000022ee000 JavaThread "Thread-25" [_thread_blocked, id=10326, stack(0x00007f3b92ccc000,0x00007f3b92dcd000)]
  0x00000000022e7000 JavaThread "Thread-24" [_thread_in_native, id=10325, stack(0x00007f3b92dcd000,0x00007f3b92ece000)]
  0x00007f3b8c2ab800 JavaThread "RSBListener[/devicemanager/registry/status/]WatchDog" [_thread_blocked, id=10324, stack(0x00007f3b92ed3000,0x00007f3b92fd4000)]
  0x00007f3be426c800 JavaThread "JavaFX-Launcher" [_thread_blocked, id=10320, stack(0x00007f3b93dfe000,0x00007f3b93eff000)]
  0x00007f3be421e800 JavaThread "JavaFX Application Thread" [_thread_blocked, id=10319, stack(0x00007f3b93eff000,0x00007f3b94000000)]
  0x00007f3be425f000 JavaThread "Thread-1" daemon [_thread_blocked, id=10318, stack(0x00007f3b980ce000,0x00007f3b981cf000)]
=>0x00007f3be41bf000 JavaThread "QuantumRenderer-0" daemon [_thread_in_native, id=10317, stack(0x00007f3bbbafb000,0x00007f3bbbbfc000)]
  0x00007f3be40bd000 JavaThread "Service Thread" daemon [_thread_blocked, id=10315, stack(0x00007f3bbbcfd000,0x00007f3bbbdfe000)]
  0x00007f3be40b8000 JavaThread "C1 CompilerThread1" daemon [_thread_blocked, id=10314, stack(0x00007f3bbbdfe000,0x00007f3bbbeff000)]
  0x00007f3be40b5800 JavaThread "C2 CompilerThread0" daemon [_thread_blocked, id=10313, stack(0x00007f3bbbeff000,0x00007f3bbc000000)]
  0x00007f3be40b4000 JavaThread "Signal Dispatcher" daemon [_thread_blocked, id=10312, stack(0x00007f3bd00b4000,0x00007f3bd01b5000)]
  0x00007f3be407b800 JavaThread "Finalizer" daemon [_thread_blocked, id=10311, stack(0x00007f3bd033e000,0x00007f3bd043f000)]
  0x00007f3be4079800 JavaThread "Reference Handler" daemon [_thread_blocked, id=10310, stack(0x00007f3bd043f000,0x00007f3bd0540000)]
  0x00007f3be400b000 JavaThread "main" [_thread_blocked, id=10303, stack(0x00007f3bea233000,0x00007f3bea334000)]

Other Threads:
  0x00007f3be4074800 VMThread [stack: 0x00007f3bd0540000,0x00007f3bd0641000] [id=10309]
  0x00007f3be40bf800 WatcherThread [stack: 0x00007f3bbbbfc000,0x00007f3bbbcfd000] [id=10316]

VM state:not at safepoint (normal execution)

VM Mutex/Monitor currently owned by a thread: None

Heap:
 PSYoungGen      total 324608K, used 156394K [0x00000000eb580000, 0x00000000ffe80000, 0x0000000100000000)
  eden space 313344K, 49% used [0x00000000eb580000,0x00000000f4cf28e0,0x00000000fe780000)
  from space 11264K, 11% used [0x00000000ff380000,0x00000000ff4c8000,0x00000000ffe80000)
  to   space 11776K, 0% used [0x00000000fe780000,0x00000000fe780000,0x00000000ff300000)
 ParOldGen       total 63488K, used 37077K [0x00000000c2000000, 0x00000000c5e00000, 0x00000000eb580000)
  object space 63488K, 58% used [0x00000000c2000000,0x00000000c4435420,0x00000000c5e00000)
 Metaspace       used 27894K, capacity 29894K, committed 29952K, reserved 1075200K
  class space    used 3711K, capacity 4084K, committed 4096K, reserved 1048576K

Card table byte_map: [0x00007f3bd3dd0000,0x00007f3bd3fc1000] byte_map_base: 0x00007f3bd37c0000

Marking Bits: (ParMarkBitMap*) 0x00007f3be973b760
 Begin Bits: [0x00007f3bd1b83000, 0x00007f3bd2b03000)
 End Bits:   [0x00007f3bd2b03000, 0x00007f3bd3a83000)

Polling page: 0x00007f3bea366000

CodeCache: size=245760Kb used=20497Kb max_used=21075Kb free=225262Kb
 bounds [0x00007f3bd4381000, 0x00007f3bd5841000, 0x00007f3be3381000]
 total_blobs=7210 nmethods=6536 adapters=587
 compilation: enabled

Compilation events (10 events):
Event: 624.675 Thread 0x00007f3be40b8000 8679       3       com.sun.javafx.scene.control.skin.VirtualFlow::doesCellContainFocus (74 bytes)
Event: 624.677 Thread 0x00007f3be40b8000 nmethod 8679 0x00007f3bd49d6190 code [0x00007f3bd49d6400, 0x00007f3bd49d7a98]
Event: 624.717 Thread 0x00007f3be40b5800 8682       4       javafx.beans.property.ReadOnlyDoubleWrapper$ReadOnlyPropertyImpl::get (8 bytes)
Event: 624.719 Thread 0x00007f3be40b5800 nmethod 8682 0x00007f3bd4db3b50 code [0x00007f3bd4db3cc0, 0x00007f3bd4db3de8]
Event: 624.719 Thread 0x00007f3be40b8000 8681       3       javafx.scene.shape.Rectangle::setHeight (9 bytes)
Event: 624.720 Thread 0x00007f3be40b8000 nmethod 8681 0x00007f3bd54fe710 code [0x00007f3bd54fe880, 0x00007f3bd54feaa8]
Event: 624.720 Thread 0x00007f3be40b8000 8680       3       javafx.scene.shape.Rectangle::setY (22 bytes)
Event: 624.720 Thread 0x00007f3be40b8000 nmethod 8680 0x00007f3bd4af61d0 code [0x00007f3bd4af6380, 0x00007f3bd4af6a88]
Event: 624.772 Thread 0x00007f3be40b8000 8683       3       java.nio.DirectByteBuffer::address (5 bytes)
Event: 624.772 Thread 0x00007f3be40b8000 nmethod 8683 0x00007f3bd4ff5290 code [0x00007f3bd4ff53e0, 0x00007f3bd4ff5530]

GC Heap History (10 events):
Event: 375.977 GC heap before
{Heap before GC invocations=22 (full 2):
 PSYoungGen      total 322048K, used 309648K [0x00000000eb580000, 0x00000000fff80000, 0x0000000100000000)
  eden space 307200K, 100% used [0x00000000eb580000,0x00000000fe180000,0x00000000fe180000)
  from space 14848K, 16% used [0x00000000fe180000,0x00000000fe3e43f0,0x00000000ff000000)
  to   space 14336K, 0% used [0x00000000ff180000,0x00000000ff180000,0x00000000fff80000)
 ParOldGen       total 63488K, used 35741K [0x00000000c2000000, 0x00000000c5e00000, 0x00000000eb580000)
  object space 63488K, 56% used [0x00000000c2000000,0x00000000c42e7410,0x00000000c5e00000)
 Metaspace       used 27043K, capacity 28806K, committed 29184K, reserved 1075200K
  class space    used 3623K, capacity 3972K, committed 4096K, reserved 1048576K
Event: 375.986 GC heap after
Heap after GC invocations=22 (full 2):
 PSYoungGen      total 322560K, used 675K [0x00000000eb580000, 0x00000000ffe80000, 0x0000000100000000)
  eden space 309248K, 0% used [0x00000000eb580000,0x00000000eb580000,0x00000000fe380000)
  from space 13312K, 5% used [0x00000000ff180000,0x00000000ff228eb8,0x00000000ffe80000)
  to   space 13824K, 0% used [0x00000000fe380000,0x00000000fe380000,0x00000000ff100000)
 ParOldGen       total 63488K, used 36733K [0x00000000c2000000, 0x00000000c5e00000, 0x00000000eb580000)
  object space 63488K, 57% used [0x00000000c2000000,0x00000000c43df420,0x00000000c5e00000)
 Metaspace       used 27043K, capacity 28806K, committed 29184K, reserved 1075200K
  class space    used 3623K, capacity 3972K, committed 4096K, reserved 1048576K
}
Event: 381.626 GC heap before
{Heap before GC invocations=23 (full 2):
 PSYoungGen      total 322560K, used 309923K [0x00000000eb580000, 0x00000000ffe80000, 0x0000000100000000)
  eden space 309248K, 100% used [0x00000000eb580000,0x00000000fe380000,0x00000000fe380000)
  from space 13312K, 5% used [0x00000000ff180000,0x00000000ff228eb8,0x00000000ffe80000)
  to   space 13824K, 0% used [0x00000000fe380000,0x00000000fe380000,0x00000000ff100000)
 ParOldGen       total 63488K, used 36733K [0x00000000c2000000, 0x00000000c5e00000, 0x00000000eb580000)
  object space 63488K, 57% used [0x00000000c2000000,0x00000000c43df420,0x00000000c5e00000)
 Metaspace       used 27043K, capacity 28806K, committed 29184K, reserved 1075200K
  class space    used 3623K, capacity 3972K, committed 4096K, reserved 1048576K
Event: 381.633 GC heap after
Heap after GC invocations=23 (full 2):
 PSYoungGen      total 323072K, used 355K [0x00000000eb580000, 0x00000000fff80000, 0x0000000100000000)
  eden space 309248K, 0% used [0x00000000eb580000,0x00000000eb580000,0x00000000fe380000)
  from space 13824K, 2% used [0x00000000fe380000,0x00000000fe3d8e90,0x00000000ff100000)
  to   space 13312K, 0% used [0x00000000ff280000,0x00000000ff280000,0x00000000fff80000)
 ParOldGen       total 63488K, used 37077K [0x00000000c2000000, 0x00000000c5e00000, 0x00000000eb580000)
  object space 63488K, 58% used [0x00000000c2000000,0x00000000c4435420,0x00000000c5e00000)
 Metaspace       used 27043K, capacity 28806K, committed 29184K, reserved 1075200K
  class space    used 3623K, capacity 3972K, committed 4096K, reserved 1048576K
}
Event: 388.623 GC heap before
{Heap before GC invocations=24 (full 2):
 PSYoungGen      total 323072K, used 309603K [0x00000000eb580000, 0x00000000fff80000, 0x0000000100000000)
  eden space 309248K, 100% used [0x00000000eb580000,0x00000000fe380000,0x00000000fe380000)
  from space 13824K, 2% used [0x00000000fe380000,0x00000000fe3d8e90,0x00000000ff100000)
  to   space 13312K, 0% used [0x00000000ff280000,0x00000000ff280000,0x00000000fff80000)
 ParOldGen       total 63488K, used 37077K [0x00000000c2000000, 0x00000000c5e00000, 0x00000000eb580000)
  object space 63488K, 58% used [0x00000000c2000000,0x00000000c4435420,0x00000000c5e00000)
 Metaspace       used 27043K, capacity 28806K, committed 29184K, reserved 1075200K
  class space    used 3623K, capacity 3972K, committed 4096K, reserved 1048576K
Event: 388.626 GC heap after
Heap after GC invocations=24 (full 2):
 PSYoungGen      total 323584K, used 392K [0x00000000eb580000, 0x00000000ffe80000, 0x0000000100000000)
  eden space 311296K, 0% used [0x00000000eb580000,0x00000000eb580000,0x00000000fe580000)
  from space 12288K, 3% used [0x00000000ff280000,0x00000000ff2e2010,0x00000000ffe80000)
  to   space 12800K, 0% used [0x00000000fe580000,0x00000000fe580000,0x00000000ff200000)
 ParOldGen       total 63488K, used 37077K [0x00000000c2000000, 0x00000000c5e00000, 0x00000000eb580000)
  object space 63488K, 58% used [0x00000000c2000000,0x00000000c4435420,0x00000000c5e00000)
 Metaspace       used 27043K, capacity 28806K, committed 29184K, reserved 1075200K
  class space    used 3623K, capacity 3972K, committed 4096K, reserved 1048576K
}
Event: 394.018 GC heap before
{Heap before GC invocations=25 (full 2):
 PSYoungGen      total 323584K, used 311688K [0x00000000eb580000, 0x00000000ffe80000, 0x0000000100000000)
  eden space 311296K, 100% used [0x00000000eb580000,0x00000000fe580000,0x00000000fe580000)
  from space 12288K, 3% used [0x00000000ff280000,0x00000000ff2e2010,0x00000000ffe80000)
  to   space 12800K, 0% used [0x00000000fe580000,0x00000000fe580000,0x00000000ff200000)
 ParOldGen       total 63488K, used 37077K [0x00000000c2000000, 0x00000000c5e00000, 0x00000000eb580000)
  object space 63488K, 58% used [0x00000000c2000000,0x00000000c4435420,0x00000000c5e00000)
 Metaspace       used 27043K, capacity 28806K, committed 29184K, reserved 1075200K
  class space    used 3623K, capacity 3972K, committed 4096K, reserved 1048576K
Event: 394.028 GC heap after
Heap after GC invocations=25 (full 2):
 PSYoungGen      total 324096K, used 256K [0x00000000eb580000, 0x00000000fff80000, 0x0000000100000000)
  eden space 311296K, 0% used [0x00000000eb580000,0x00000000eb580000,0x00000000fe580000)
  from space 12800K, 2% used [0x00000000fe580000,0x00000000fe5c0000,0x00000000ff200000)
  to   space 12288K, 0% used [0x00000000ff380000,0x00000000ff380000,0x00000000fff80000)
 ParOldGen       total 63488K, used 37077K [0x00000000c2000000, 0x00000000c5e00000, 0x00000000eb580000)
  object space 63488K, 58% used [0x00000000c2000000,0x00000000c4435420,0x00000000c5e00000)
 Metaspace       used 27043K, capacity 28806K, committed 29184K, reserved 1075200K
  class space    used 3623K, capacity 3972K, committed 4096K, reserved 1048576K
}
Event: 445.645 GC heap before
{Heap before GC invocations=26 (full 2):
 PSYoungGen      total 324096K, used 311552K [0x00000000eb580000, 0x00000000fff80000, 0x0000000100000000)
  eden space 311296K, 100% used [0x00000000eb580000,0x00000000fe580000,0x00000000fe580000)
  from space 12800K, 2% used [0x00000000fe580000,0x00000000fe5c0000,0x00000000ff200000)
  to   space 12288K, 0% used [0x00000000ff380000,0x00000000ff380000,0x00000000fff80000)
 ParOldGen       total 63488K, used 37077K [0x00000000c2000000, 0x00000000c5e00000, 0x00000000eb580000)
  object space 63488K, 58% used [0x00000000c2000000,0x00000000c4435420,0x00000000c5e00000)
 Metaspace       used 27087K, capacity 28870K, committed 29184K, reserved 1075200K
  class space    used 3627K, capacity 3972K, committed 4096K, reserved 1048576K
Event: 445.663 GC heap after
Heap after GC invocations=26 (full 2):
 PSYoungGen      total 324608K, used 1312K [0x00000000eb580000, 0x00000000ffe80000, 0x0000000100000000)
  eden space 313344K, 0% used [0x00000000eb580000,0x00000000eb580000,0x00000000fe780000)
  from space 11264K, 11% used [0x00000000ff380000,0x00000000ff4c8000,0x00000000ffe80000)
  to   space 11776K, 0% used [0x00000000fe780000,0x00000000fe780000,0x00000000ff300000)
 ParOldGen       total 63488K, used 37077K [0x00000000c2000000, 0x00000000c5e00000, 0x00000000eb580000)
  object space 63488K, 58% used [0x00000000c2000000,0x00000000c4435420,0x00000000c5e00000)
 Metaspace       used 27087K, capacity 28870K, committed 29184K, reserved 1075200K
  class space    used 3627K, capacity 3972K, committed 4096K, reserved 1048576K
}

Deoptimization events (10 events):
Event: 616.585 Thread 0x00007f3be421e800 Uncommon trap: reason=unstable_if action=reinterpret pc=0x00007f3bd4ff3700 method=com.sun.javafx.css.StyleManager$CacheContainer.getStyleMap(I)Lcom/sun/javafx/css/StyleMap; @ 22
Event: 616.586 Thread 0x00007f3be421e800 Uncommon trap: reason=unstable_if action=reinterpret pc=0x00007f3bd498f3d4 method=javafx.scene.CssStyleHelper.getStyle(Ljavafx/css/Styleable;Ljava/lang/String;Lcom/sun/javafx/css/StyleMap;Ljava/util/Set;)Lcom/sun/javafx/css/CascadingStyle; @ 8
Event: 616.586 Thread 0x00007f3be421e800 Uncommon trap: reason=unstable_if action=reinterpret pc=0x00007f3bd56c1238 method=com.sun.javafx.css.StyleManager$CacheContainer.getStyleMap(I)Lcom/sun/javafx/css/StyleMap; @ 22
Event: 616.587 Thread 0x00007f3be421e800 Uncommon trap: reason=unstable_if action=reinterpret pc=0x00007f3bd5519b20 method=javafx.scene.CssStyleHelper.transitionToState(Ljavafx/scene/Node;)V @ 311
Event: 617.463 Thread 0x00007f3be421e800 Uncommon trap: reason=unstable_if action=reinterpret pc=0x00007f3bd4f7a83c method=java.lang.Double.compare(DD)I @ 3
Event: 617.463 Thread 0x00007f3be421e800 Uncommon trap: reason=unstable_if action=reinterpret pc=0x00007f3bd47cef28 method=java.lang.Double.compare(DD)I @ 3
Event: 620.612 Thread 0x00007f3be421e800 Uncommon trap: reason=unstable_if action=reinterpret pc=0x00007f3bd54f9aa0 method=javafx.scene.Node.focusSetDirty(Ljavafx/scene/Scene;)V @ 9
Event: 620.954 Thread 0x00007f3be41bf000 Uncommon trap: reason=class_check action=maybe_recompile pc=0x00007f3bd453d4a4 method=com.sun.prism.impl.ps.BaseShaderContext.checkState(Lcom/sun/prism/impl/ps/BaseShaderGraphics;ILcom/sun/javafx/geom/transform/BaseTransform;Lcom/sun/prism/ps/Shader;)V @ 
Event: 621.304 Thread 0x00007f3be41bf000 Uncommon trap: reason=unstable_if action=reinterpret pc=0x00007f3bd5355bb4 method=com.sun.javafx.sg.prism.NGNode.clearDirtyTree()V @ 70
Event: 621.304 Thread 0x00007f3be41bf000 Uncommon trap: reason=unstable_if action=reinterpret pc=0x00007f3bd491eda4 method=com.sun.javafx.sg.prism.NGNode.clearDirtyTree()V @ 70

Internal exceptions (10 events):
Event: 286.901 Thread 0x00007f3be421e800 Implicit null exception at 0x00007f3bd4e3d162 to 0x00007f3bd4e3e495
Event: 286.905 Thread 0x00007f3be421e800 Implicit null exception at 0x00007f3bd4d16606 to 0x00007f3bd4d168c3
Event: 287.053 Thread 0x00007f3be41bf000 Implicit null exception at 0x00007f3bd5260e98 to 0x00007f3bd52610ed
Event: 287.725 Thread 0x00007f3be421e800 Implicit null exception at 0x00007f3bd5125948 to 0x00007f3bd5125df5
Event: 287.725 Thread 0x00007f3be421e800 Implicit null exception at 0x00007f3bd5124e77 to 0x00007f3bd51252c9
Event: 288.014 Thread 0x00007f3be421e800 Implicit null exception at 0x00007f3bd4e41a54 to 0x00007f3bd4e44c7d
Event: 288.014 Thread 0x00007f3be421e800 Implicit null exception at 0x00007f3bd4ab7485 to 0x00007f3bd4ab87b9
Event: 288.015 Thread 0x00007f3be421e800 Implicit null exception at 0x00007f3bd4c66124 to 0x00007f3bd4c661c9
Event: 298.316 Thread 0x00007f3be421e800 Implicit null exception at 0x00007f3bd55b930f to 0x00007f3bd55bb0e5
Event: 525.224 Thread 0x00007f3be421e800 Implicit null exception at 0x00007f3bd52ec655 to 0x00007f3bd52ee3a9

Events (10 events):
Event: 620.612 Thread 0x00007f3be421e800 DEOPT UNPACKING pc=0x00007f3bd4385f69 sp=0x00007f3b93ffc778 mode 2
Event: 620.954 Thread 0x00007f3be41bf000 Uncommon trap: trap_request=0xffffffde fr.pc=0x00007f3bd453d4a4
Event: 620.954 Thread 0x00007f3be41bf000 DEOPT PACKING pc=0x00007f3bd453d4a4 sp=0x00007f3bbbbf9090
Event: 620.954 Thread 0x00007f3be41bf000 DEOPT UNPACKING pc=0x00007f3bd4385f69 sp=0x00007f3bbbbf9050 mode 2
Event: 621.304 Thread 0x00007f3be41bf000 Uncommon trap: trap_request=0xffffff65 fr.pc=0x00007f3bd5355bb4
Event: 621.304 Thread 0x00007f3be41bf000 DEOPT PACKING pc=0x00007f3bd5355bb4 sp=0x00007f3bbbbf9ab0
Event: 621.304 Thread 0x00007f3be41bf000 DEOPT UNPACKING pc=0x00007f3bd4385f69 sp=0x00007f3bbbbf9970 mode 2
Event: 621.304 Thread 0x00007f3be41bf000 Uncommon trap: trap_request=0xffffff65 fr.pc=0x00007f3bd491eda4
Event: 621.304 Thread 0x00007f3be41bf000 DEOPT PACKING pc=0x00007f3bd491eda4 sp=0x00007f3bbbbf98f0
Event: 621.304 Thread 0x00007f3be41bf000 DEOPT UNPACKING pc=0x00007f3bd4385f69 sp=0x00007f3bbbbf98a8 mode 2


Dynamic libraries:
00400000-00401000 r-xp 00000000 08:02 1366919                            /usr/lib/jvm/java-8-oracle/bin/java
00600000-00601000 rw-p 00000000 08:02 1366919                            /usr/lib/jvm/java-8-oracle/bin/java
022d2000-02314000 rw-p 00000000 00:00 0                                  [heap]
4041a000-404b7000 rw-p 00000000 00:00 0 
40a9e000-40aa0000 r-xs 00000000 08:02 268720                             /tmp/glliudPp (deleted)
c2000000-c5e00000 rw-p 00000000 00:00 0 
c5e00000-eb580000 ---p 00000000 00:00 0 
eb580000-ffe80000 rw-p 00000000 00:00 0 
ffe80000-100000000 ---p 00000000 00:00 0 
100000000-100400000 rw-p 00000000 00:00 0 
100400000-140000000 ---p 00000000 00:00 0 
7f3b84000000-7f3b8419b000 rw-p 00000000 00:00 0 
7f3b8419b000-7f3b88000000 ---p 00000000 00:00 0 
7f3b8a7fe000-7f3b8abfe000 rw-s 00000000 00:04 26542105                   /SYSV00000000 (deleted)
7f3b8abfe000-7f3b8ac01000 ---p 00000000 00:00 0 
7f3b8ac01000-7f3b8acff000 rw-p 00000000 00:00 0 
7f3b8adff000-7f3b8b1ff000 rw-s 4822e000 00:05 8494                       /dev/nvidia0
7f3b8b1ff000-7f3b8b5ff000 rw-s 11a399000 00:05 8494                      /dev/nvidia0
7f3b8b5ff000-7f3b8b7ff000 rw-s 11232c000 00:05 8494                      /dev/nvidia0
7f3b8b7ff000-7f3b8c000000 rw-p 00000000 00:00 0 
7f3b8c000000-7f3b8c726000 rw-p 00000000 00:00 0 
7f3b8c726000-7f3b90000000 ---p 00000000 00:00 0 
7f3b900dd000-7f3b9015d000 rw-s 4d44f000 00:05 8494                       /dev/nvidia0
7f3b9015f000-7f3b9029f000 rw-p 00000000 00:00 0 
7f3b9029f000-7f3b9035f000 ---p 00000000 00:00 0 
7f3b903df000-7f3b905df000 rw-p 00000000 00:00 0 
7f3b905df000-7f3b907df000 rw-p 00000000 00:00 0 
7f3b907df000-7f3b9083f000 rw-s 00000000 00:04 25657367                   /SYSV00000000 (deleted)
7f3b9083f000-7f3b908e8000 r--p 00000000 08:02 1712286                    /usr/share/fonts/truetype/dejavu/DejaVuSans-Bold.ttf
7f3b908e8000-7f3b908fb000 r--s 00344000 08:02 1366949                    /usr/lib/jvm/java-8-oracle/jre/lib/resources.jar
7f3b908fb000-7f3b90afb000 rw-p 00000000 00:00 0 
7f3b90afb000-7f3b90bb0000 r--p 00000000 08:02 1712287                    /usr/share/fonts/truetype/dejavu/DejaVuSans.ttf
7f3b90bb0000-7f3b90bfe000 r--p 00000000 08:02 1367081                    /usr/lib/jvm/java-8-oracle/jre/lib/fonts/LucidaSansDemiBold.ttf
7f3b90bfe000-7f3b90c11000 r--p 00000000 08:02 1367080                    /usr/lib/jvm/java-8-oracle/jre/lib/fonts/LucidaBrightDemiItalic.ttf
7f3b90c11000-7f3b90c4b000 r--p 00000000 08:02 1367079                    /usr/lib/jvm/java-8-oracle/jre/lib/fonts/LucidaTypewriterBold.ttf
7f3b90c4b000-7f3b90cf6000 r--p 00000000 08:02 1367078                    /usr/lib/jvm/java-8-oracle/jre/lib/fonts/LucidaSansRegular.ttf
7f3b90cf6000-7f3b90d4b000 r--p 00000000 08:02 1367077                    /usr/lib/jvm/java-8-oracle/jre/lib/fonts/LucidaBrightRegular.ttf
7f3b90d4b000-7f3b90d87000 r--p 00000000 08:02 1367075                    /usr/lib/jvm/java-8-oracle/jre/lib/fonts/LucidaTypewriterRegular.ttf
7f3b90d87000-7f3b90d9b000 r--p 00000000 08:02 1367074                    /usr/lib/jvm/java-8-oracle/jre/lib/fonts/LucidaBrightItalic.ttf
7f3b90d9b000-7f3b90dae000 r--p 00000000 08:02 1367073                    /usr/lib/jvm/java-8-oracle/jre/lib/fonts/LucidaBrightDemiBold.ttf
7f3b90dae000-7f3b90db2000 r-xp 00000000 08:02 1367033                    /usr/lib/jvm/java-8-oracle/jre/lib/amd64/libjavafx_font_pango.so
7f3b90db2000-7f3b90fb1000 ---p 00004000 08:02 1367033                    /usr/lib/jvm/java-8-oracle/jre/lib/amd64/libjavafx_font_pango.so
7f3b90fb1000-7f3b90fb2000 r--p 00003000 08:02 1367033                    /usr/lib/jvm/java-8-oracle/jre/lib/amd64/libjavafx_font_pango.so
7f3b90fb2000-7f3b90fb3000 rw-p 00004000 08:02 1367033                    /usr/lib/jvm/java-8-oracle/jre/lib/amd64/libjavafx_font_pango.so
7f3b90fb3000-7f3b911b3000 rw-p 00000000 00:00 0 
7f3b911b3000-7f3b911b6000 ---p 00000000 00:00 0 
7f3b911b6000-7f3b912b4000 rw-p 00000000 00:00 0                          [stack:10356]
7f3b912b4000-7f3b912b7000 ---p 00000000 00:00 0 
7f3b912b7000-7f3b913b5000 rw-p 00000000 00:00 0                          [stack:10355]
7f3b913b5000-7f3b913b8000 ---p 00000000 00:00 0 
7f3b913b8000-7f3b914b6000 rw-p 00000000 00:00 0                          [stack:10357]
7f3b914b6000-7f3b914b9000 ---p 00000000 00:00 0 
7f3b914b9000-7f3b915b7000 rw-p 00000000 00:00 0                          [stack:10352]
7f3b915b7000-7f3b915ba000 ---p 00000000 00:00 0 
7f3b915ba000-7f3b916b8000 rw-p 00000000 00:00 0                          [stack:10351]
7f3b916b8000-7f3b916bb000 ---p 00000000 00:00 0 
7f3b916bb000-7f3b917b9000 rw-p 00000000 00:00 0                          [stack:10350]
7f3b917b9000-7f3b917bc000 ---p 00000000 00:00 0 
7f3b917bc000-7f3b918ba000 rw-p 00000000 00:00 0                          [stack:10353]
7f3b918ba000-7f3b918bd000 ---p 00000000 00:00 0 
7f3b918bd000-7f3b919bb000 rw-p 00000000 00:00 0                          [stack:10348]
7f3b919bb000-7f3b919be000 ---p 00000000 00:00 0 
7f3b919be000-7f3b91abc000 rw-p 00000000 00:00 0                          [stack:10346]
7f3b91abc000-7f3b91abf000 ---p 00000000 00:00 0 
7f3b91abf000-7f3b91bbd000 rw-p 00000000 00:00 0                          [stack:10345]
7f3b91bbd000-7f3b91bc0000 ---p 00000000 00:00 0 
7f3b91bc0000-7f3b91cbe000 rw-p 00000000 00:00 0                          [stack:10347]
7f3b91cbe000-7f3b91cc1000 ---p 00000000 00:00 0 
7f3b91cc1000-7f3b91dbf000 rw-p 00000000 00:00 0                          [stack:10343]
7f3b91dbf000-7f3b91dc2000 ---p 00000000 00:00 0 
7f3b91dc2000-7f3b91ec0000 rw-p 00000000 00:00 0                          [stack:10341]
7f3b91ec0000-7f3b91ec3000 ---p 00000000 00:00 0 
7f3b91ec3000-7f3b91fc1000 rw-p 00000000 00:00 0                          [stack:10340]
7f3b91fc1000-7f3b91fc4000 ---p 00000000 00:00 0 
7f3b91fc4000-7f3b920c2000 rw-p 00000000 00:00 0                          [stack:10342]
7f3b920c2000-7f3b920c5000 ---p 00000000 00:00 0 
7f3b920c5000-7f3b921c3000 rw-p 00000000 00:00 0                          [stack:10338]
7f3b921c3000-7f3b921c6000 ---p 00000000 00:00 0 
7f3b921c6000-7f3b922c4000 rw-p 00000000 00:00 0                          [stack:10336]
7f3b922c4000-7f3b922c7000 ---p 00000000 00:00 0 
7f3b922c7000-7f3b923c5000 rw-p 00000000 00:00 0                          [stack:10335]
7f3b923c5000-7f3b923c8000 ---p 00000000 00:00 0 
7f3b923c8000-7f3b924c6000 rw-p 00000000 00:00 0                          [stack:10337]
7f3b924c6000-7f3b924c9000 ---p 00000000 00:00 0 
7f3b924c9000-7f3b927c7000 rw-p 00000000 00:00 0                          [stack:10333]
7f3b927c7000-7f3b927ca000 ---p 00000000 00:00 0 
7f3b927ca000-7f3b928c8000 rw-p 00000000 00:00 0                          [stack:10331]
7f3b928c8000-7f3b928cb000 ---p 00000000 00:00 0 
7f3b928cb000-7f3b929c9000 rw-p 00000000 00:00 0                          [stack:10330]
7f3b929c9000-7f3b929cc000 ---p 00000000 00:00 0 
7f3b929cc000-7f3b92aca000 rw-p 00000000 00:00 0                          [stack:10332]
7f3b92aca000-7f3b92acd000 ---p 00000000 00:00 0 
7f3b92acd000-7f3b92bcb000 rw-p 00000000 00:00 0                          [stack:10328]
7f3b92bcb000-7f3b92bce000 ---p 00000000 00:00 0 
7f3b92bce000-7f3b92ccc000 rw-p 00000000 00:00 0                          [stack:10327]
7f3b92ccc000-7f3b92ccf000 ---p 00000000 00:00 0 
7f3b92ccf000-7f3b92dcd000 rw-p 00000000 00:00 0                          [stack:10326]
7f3b92dcd000-7f3b92dd0000 ---p 00000000 00:00 0 
7f3b92dd0000-7f3b92ece000 rw-p 00000000 00:00 0                          [stack:10325]
7f3b92ece000-7f3b92ed3000 r--s 00094000 08:02 1367255                    /usr/lib/jvm/java-8-oracle/jre/lib/jsse.jar
7f3b92ed3000-7f3b92ed6000 ---p 00000000 00:00 0 
7f3b92ed6000-7f3b92fd4000 rw-p 00000000 00:00 0                          [stack:10324]
7f3b92fd4000-7f3b92fd9000 r-xp 00000000 08:02 1367065                    /usr/lib/jvm/java-8-oracle/jre/lib/amd64/libjavafx_font_freetype.so
7f3b92fd9000-7f3b931d8000 ---p 00005000 08:02 1367065                    /usr/lib/jvm/java-8-oracle/jre/lib/amd64/libjavafx_font_freetype.so
7f3b931d8000-7f3b931d9000 r--p 00004000 08:02 1367065                    /usr/lib/jvm/java-8-oracle/jre/lib/amd64/libjavafx_font_freetype.so
7f3b931d9000-7f3b931da000 rw-p 00005000 08:02 1367065                    /usr/lib/jvm/java-8-oracle/jre/lib/amd64/libjavafx_font_freetype.so
7f3b931da000-7f3b933da000 rw-p 00000000 00:00 0 
7f3b933da000-7f3b933dd000 r-xp 00000000 08:02 1367068                    /usr/lib/jvm/java-8-oracle/jre/lib/amd64/libjavafx_font.so
7f3b933dd000-7f3b935dc000 ---p 00003000 08:02 1367068                    /usr/lib/jvm/java-8-oracle/jre/lib/amd64/libjavafx_font.so
7f3b935dc000-7f3b935dd000 r--p 00002000 08:02 1367068                    /usr/lib/jvm/java-8-oracle/jre/lib/amd64/libjavafx_font.so
7f3b935dd000-7f3b935de000 rw-p 00003000 08:02 1367068                    /usr/lib/jvm/java-8-oracle/jre/lib/amd64/libjavafx_font.so
7f3b935de000-7f3b937de000 rw-p 00000000 00:00 0 
7f3b937de000-7f3b939de000 rw-p 00000000 00:00 0 
7f3b939de000-7f3b939f4000 r-xp 00000000 08:02 1367047                    /usr/lib/jvm/java-8-oracle/jre/lib/amd64/libnet.so
7f3b939f4000-7f3b93bf4000 ---p 00016000 08:02 1367047                    /usr/lib/jvm/java-8-oracle/jre/lib/amd64/libnet.so
7f3b93bf4000-7f3b93bf5000 rw-p 00016000 08:02 1367047                    /usr/lib/jvm/java-8-oracle/jre/lib/amd64/libnet.so
7f3b93bf5000-7f3b93bfd000 r-xp 00000000 08:02 1367069                    /usr/lib/jvm/java-8-oracle/jre/lib/amd64/libmanagement.so
7f3b93bfd000-7f3b93dfd000 ---p 00008000 08:02 1367069                    /usr/lib/jvm/java-8-oracle/jre/lib/amd64/libmanagement.so
7f3b93dfd000-7f3b93dfe000 rw-p 00008000 08:02 1367069                    /usr/lib/jvm/java-8-oracle/jre/lib/amd64/libmanagement.so
7f3b93dfe000-7f3b93e01000 ---p 00000000 00:00 0 
7f3b93e01000-7f3b93eff000 rw-p 00000000 00:00 0                          [stack:10320]
7f3b93eff000-7f3b93f02000 ---p 00000000 00:00 0 
7f3b93f02000-7f3b94000000 rw-p 00000000 00:00 0                          [stack:10319]
7f3b94000000-7f3b94021000 rw-p 00000000 00:00 0 
7f3b94021000-7f3b98000000 ---p 00000000 00:00 0 
7f3b98003000-7f3b98008000 r--s 00083000 08:02 1367088                    /usr/lib/jvm/java-8-oracle/jre/lib/jfr.jar
7f3b98008000-7f3b98009000 r--s 00000000 08:02 440943                     /var/cache/fontconfig/087e1975ba9a574b140bb1df193bf770-le64.cache-4
7f3b98009000-7f3b98017000 r--s 00000000 08:02 424459                     /var/cache/fontconfig/6aa41aa22e18b8fa06a12da28ea9c28b-le64.cache-4
7f3b98017000-7f3b98018000 r--s 00000000 08:02 404199                     /var/cache/fontconfig/c05880de57d1f5e948fdfacc138775d9-le64.cache-4
7f3b98018000-7f3b98023000 r--s 00000000 08:02 397591                     /var/cache/fontconfig/945677eb7aeaf62f1d50efc3fb3ec7d8-le64.cache-4
7f3b98023000-7f3b98025000 r--s 00000000 08:02 403833                     /var/cache/fontconfig/99e8ed0e538f840c565b6ed5dad60d56-le64.cache-4
7f3b98025000-7f3b9802b000 r--s 00000000 08:02 403702                     /var/cache/fontconfig/2cd17615ca594fa2959ae173292e504c-le64.cache-4
7f3b9802b000-7f3b98032000 r--s 00000000 08:02 409741                     /var/cache/fontconfig/6eb3985aa4124903f6ff08ba781cd364-le64.cache-4
7f3b98032000-7f3b9803e000 r--s 00000000 08:02 403324                     /var/cache/fontconfig/6d41288fd70b0be22e8c3a91e032eec0-le64.cache-4
7f3b9803e000-7f3b9803f000 r--s 00000000 08:02 440942                     /var/cache/fontconfig/b95bc8ffbebda2bbdae4265e45b8178d-le64.cache-4
7f3b9803f000-7f3b98040000 r--s 00000000 08:02 440941                     /var/cache/fontconfig/9c956a7723ca69a44b382d9179c9802f-le64.cache-4
7f3b98040000-7f3b98043000 r--s 00000000 08:02 403139                     /var/cache/fontconfig/ddd4086aec35a5275babba44bb759c3c-le64.cache-4
7f3b98043000-7f3b98044000 r--s 00000000 08:02 396569                     /var/cache/fontconfig/14a5e22175779b556eaa434240950366-le64.cache-4
7f3b98044000-7f3b9804b000 r--s 00000000 08:02 398773                     /var/cache/fontconfig/1c2c2997deddd45e0296fa5a60917b7d-le64.cache-4
7f3b9804b000-7f3b9804c000 r--s 00000000 08:02 440940                     /var/cache/fontconfig/5d1cca7074f29429a8d18692746c2426-le64.cache-4
7f3b9804c000-7f3b9804d000 r--s 00000000 08:02 402744                     /var/cache/fontconfig/4794a0821666d79190d59a36cb4f44b5-le64.cache-4
7f3b9804d000-7f3b9804e000 r--s 00000000 08:02 440939                     /var/cache/fontconfig/9eae20f1ff8cc0a7d125749e875856bd-le64.cache-4
7f3b9804e000-7f3b98050000 r--s 00000000 08:02 440938                     /var/cache/fontconfig/bf2c1853a9e9b00bb02fe2e9bcf1e201-le64.cache-4
7f3b98050000-7f3b98051000 r--s 00000000 08:02 402636                     /var/cache/fontconfig/b872e6e592da6075ffa4ab0a1fcc0c75-le64.cache-4
7f3b98051000-7f3b98052000 r--s 00000000 08:02 402539                     /var/cache/fontconfig/589f83ef4c36d296ce6e1c846f468f08-le64.cache-4
7f3b98052000-7f3b98053000 r--s 00000000 08:02 402407                     /var/cache/fontconfig/bab58bb527bb656aaa9f116d68a48d89-le64.cache-4
7f3b98053000-7f3b98054000 r--s 00000000 08:02 402266                     /var/cache/fontconfig/3f589640d34b7dc9042c8d453f7c8b9c-le64.cache-4
7f3b98054000-7f3b98055000 r--s 00000000 08:02 402111                     /var/cache/fontconfig/a48eab177a16e4f3713381162db2f3e9-le64.cache-4
7f3b98055000-7f3b98056000 r--s 00000000 08:02 401943                     /var/cache/fontconfig/564b2e68ac9bc4e36a6f7f6d6125ec1c-le64.cache-4
7f3b98056000-7f3b9805d000 r--s 00000000 08:02 401762                     /var/cache/fontconfig/3047814df9a2f067bd2d96a2b9c36e5a-le64.cache-4
7f3b9805d000-7f3b98061000 r--s 00000000 08:02 440937                     /var/cache/fontconfig/bf3b770c553c462765856025a94f1ce6-le64.cache-4
7f3b98061000-7f3b98064000 r--s 00000000 08:02 440936                     /var/cache/fontconfig/14d493b97896515cad3840ba4896e372-le64.cache-4
7f3b98064000-7f3b98065000 r--s 00000000 08:02 440935                     /var/cache/fontconfig/89034621ae2a8922916bb6bfa5799546-le64.cache-4
7f3b98065000-7f3b98068000 r--s 00000000 08:02 401645                     /var/cache/fontconfig/e49e89034d371f0f9de17aab02136486-le64.cache-4
7f3b98068000-7f3b9806a000 r--s 00000000 08:02 401557                     /var/cache/fontconfig/4b14b093aebc79c320de5e86ae1d3314-le64.cache-4
7f3b9806a000-7f3b9806b000 r--s 00000000 08:02 440934                     /var/cache/fontconfig/8aec10f4cc8391dcef22ca549f1e4354-le64.cache-4
7f3b9806b000-7f3b9807e000 r--s 00000000 08:02 401475                     /var/cache/fontconfig/d52a8644073d54c13679302ca1180695-le64.cache-4
7f3b9807e000-7f3b9807f000 r--s 00000000 08:02 396285                     /var/cache/fontconfig/370e5b74bf5dafc30834de68e24a87a4-le64.cache-4
7f3b9807f000-7f3b98080000 r--s 00000000 08:02 401296                     /var/cache/fontconfig/551ecf3b0e8b0bca0f25c0944f561853-le64.cache-4
7f3b98080000-7f3b98083000 r--s 00000000 08:02 401265                     /var/cache/fontconfig/f259c2cffa685e28062317905db73c4a-le64.cache-4
7f3b98083000-7f3b98086000 r--s 00000000 08:02 401210                     /var/cache/fontconfig/674d1711f2d1d2a09646eb0bdcadee49-le64.cache-4
7f3b98086000-7f3b98087000 r--s 00000000 08:02 440933                     /var/cache/fontconfig/8a687c406b77f27d99abfeeba937fcce-le64.cache-4
7f3b98087000-7f3b9808f000 r--s 00000000 08:02 398752                     /var/cache/fontconfig/3f7329c5293ffd510edef78f73874cfd-le64.cache-4
7f3b9808f000-7f3b98090000 r--s 00000000 08:02 440932                     /var/cache/fontconfig/ac2cf712d852da827a87a9baf682f5b9-le64.cache-4
7f3b98090000-7f3b98092000 r--s 00000000 08:02 440931                     /var/cache/fontconfig/65f976e5259cbe6dc7697b8648396239-le64.cache-4
7f3b98092000-7f3b9809e000 r--s 00000000 08:02 400986                     /var/cache/fontconfig/d589a48862398ed80a3d6066f4f56f4c-le64.cache-4
7f3b9809e000-7f3b9809f000 r--s 00000000 08:02 440930                     /var/cache/fontconfig/94f7fe9bd33aadfac165873bd010d595-le64.cache-4
7f3b9809f000-7f3b980a1000 r--s 00000000 08:02 440929                     /var/cache/fontconfig/423767150eb258c59035de29db6fca84-le64.cache-4
7f3b980a1000-7f3b980a2000 r--s 00000000 08:02 440928                     /var/cache/fontconfig/845c20fd2c4814bcec78e05d37a63ccc-le64.cache-4
7f3b980a2000-7f3b980a3000 r--s 00000000 08:02 440927                     /var/cache/fontconfig/e7de81b01590fb7e12b38e274e17d0db-le64.cache-4
7f3b980a3000-7f3b980a5000 r--s 00000000 08:02 440925                     /var/cache/fontconfig/67709b7835c0f764c1135060c9575660-le64.cache-4
7f3b980a5000-7f3b980b0000 r--s 00000000 08:02 440923                     /var/cache/fontconfig/83bf95040141907cd45bb53cf7c1c148-le64.cache-4
7f3b980b0000-7f3b980b7000 r--s 00000000 08:02 440922                     /var/cache/fontconfig/53d14c92082a93e67d5078324eb314ca-le64.cache-4
7f3b980b7000-7f3b980bb000 r--s 00000000 08:02 440921                     /var/cache/fontconfig/6c08beecf0dac481ec92e759e0c2e6d7-le64.cache-4
7f3b980bb000-7f3b980ce000 r--s 00000000 08:02 440917                     /var/cache/fontconfig/4ac51e5cfbc76fc3f983e470323a16d3-le64.cache-4
7f3b980ce000-7f3b980d1000 ---p 00000000 00:00 0 
7f3b980d1000-7f3b981cf000 rw-p 00000000 00:00 0                          [stack:10318]
7f3b981cf000-7f3b981d8000 r-xp 00000000 08:02 1832480                    /usr/lib/x86_64-linux-gnu/gtk-2.0/2.10.0/engines/libpixmap.so
7f3b981d8000-7f3b983d8000 ---p 00009000 08:02 1832480                    /usr/lib/x86_64-linux-gnu/gtk-2.0/2.10.0/engines/libpixmap.so
7f3b983d8000-7f3b983d9000 rw-p 00009000 08:02 1832480                    /usr/lib/x86_64-linux-gnu/gtk-2.0/2.10.0/engines/libpixmap.so
7f3b983d9000-7f3b98409000 r-xp 00000000 08:02 1832890                    /usr/lib/x86_64-linux-gnu/gtk-2.0/2.10.0/engines/libmurrine.so
7f3b98409000-7f3b98609000 ---p 00030000 08:02 1832890                    /usr/lib/x86_64-linux-gnu/gtk-2.0/2.10.0/engines/libmurrine.so
7f3b98609000-7f3b9860a000 r--p 00030000 08:02 1832890                    /usr/lib/x86_64-linux-gnu/gtk-2.0/2.10.0/engines/libmurrine.so
7f3b9860a000-7f3b9860b000 rw-p 00031000 08:02 1832890                    /usr/lib/x86_64-linux-gnu/gtk-2.0/2.10.0/engines/libmurrine.so
7f3b9860b000-7f3b98636000 r-xp 00000000 08:02 1367019                    /usr/lib/jvm/java-8-oracle/jre/lib/amd64/libglass.so
7f3b98636000-7f3b98835000 ---p 0002b000 08:02 1367019                    /usr/lib/jvm/java-8-oracle/jre/lib/amd64/libglass.so
7f3b98835000-7f3b98837000 r--p 0002a000 08:02 1367019                    /usr/lib/jvm/java-8-oracle/jre/lib/amd64/libglass.so
7f3b98837000-7f3b98838000 rw-p 0002c000 08:02 1367019                    /usr/lib/jvm/java-8-oracle/jre/lib/amd64/libglass.so
7f3b98838000-7f3b98839000 rw-p 00000000 00:00 0 
7f3b98839000-7f3b98a39000 rw-s 58bea000 00:05 8494                       /dev/nvidia0
7f3b98a39000-7f3b98a5a000 r-xp 00000000 08:02 1441633                    /usr/lib/x86_64-linux-gnu/libglapi.so.0.0.0
7f3b98a5a000-7f3b98c5a000 ---p 00021000 08:02 1441633                    /usr/lib/x86_64-linux-gnu/libglapi.so.0.0.0
7f3b98c5a000-7f3b98c5d000 r--p 00021000 08:02 1441633                    /usr/lib/x86_64-linux-gnu/libglapi.so.0.0.0
7f3b98c5d000-7f3b98c5e000 rw-p 00024000 08:02 1441633                    /usr/lib/x86_64-linux-gnu/libglapi.so.0.0.0
7f3b98c5e000-7f3b98c5f000 rw-p 00000000 00:00 0 
7f3b98c5f000-7f3b98c65000 r-xp 00000000 08:02 1442856                    /usr/lib/x86_64-linux-gnu/libdatrie.so.1.3.0
7f3b98c65000-7f3b98e65000 ---p 00006000 08:02 1442856                    /usr/lib/x86_64-linux-gnu/libdatrie.so.1.3.0
7f3b98e65000-7f3b98e66000 r--p 00006000 08:02 1442856                    /usr/lib/x86_64-linux-gnu/libdatrie.so.1.3.0
7f3b98e66000-7f3b98e67000 rw-p 00007000 08:02 1442856                    /usr/lib/x86_64-linux-gnu/libdatrie.so.1.3.0
7f3b98e67000-7f3b98e6c000 r-xp 00000000 08:02 1447452                    /usr/lib/x86_64-linux-gnu/libXdmcp.so.6.0.0
7f3b98e6c000-7f3b9906b000 ---p 00005000 08:02 1447452                    /usr/lib/x86_64-linux-gnu/libXdmcp.so.6.0.0
7f3b9906b000-7f3b9906c000 rw-p 00004000 08:02 1447452                    /usr/lib/x86_64-linux-gnu/libXdmcp.so.6.0.0
7f3b9906c000-7f3b9906f000 r-xp 00000000 08:02 1447436                    /usr/lib/x86_64-linux-gnu/libXau.so.6.0.0
7f3b9906f000-7f3b9926e000 ---p 00003000 08:02 1447436                    /usr/lib/x86_64-linux-gnu/libXau.so.6.0.0
7f3b9926e000-7f3b9926f000 r--p 00002000 08:02 1447436                    /usr/lib/x86_64-linux-gnu/libXau.so.6.0.0
7f3b9926f000-7f3b99270000 rw-p 00003000 08:02 1447436                    /usr/lib/x86_64-linux-gnu/libXau.so.6.0.0
7f3b99270000-7f3b9927b000 r-xp 00000000 08:02 1441972                    /usr/lib/x86_64-linux-gnu/libdrm.so.2.4.0
7f3b9927b000-7f3b9947a000 ---p 0000b000 08:02 1441972                    /usr/lib/x86_64-linux-gnu/libdrm.so.2.4.0
7f3b9947a000-7f3b9947b000 r--p 0000a000 08:02 1441972                    /usr/lib/x86_64-linux-gnu/libdrm.so.2.4.0
7f3b9947b000-7f3b9947c000 rw-p 0000b000 08:02 1441972                    /usr/lib/x86_64-linux-gnu/libdrm.so.2.4.0
7f3b9947c000-7f3b9948c000 r-xp 00000000 08:02 1185229                    /lib/x86_64-linux-gnu/libudev.so.1.3.5
7f3b9948c000-7f3b9968c000 ---p 00010000 08:02 1185229                    /lib/x86_64-linux-gnu/libudev.so.1.3.5
7f3b9968c000-7f3b9968d000 r--p 00010000 08:02 1185229                    /lib/x86_64-linux-gnu/libudev.so.1.3.5
7f3b9968d000-7f3b9968e000 rw-p 00011000 08:02 1185229                    /lib/x86_64-linux-gnu/libudev.so.1.3.5
7f3b9968e000-7f3b99694000 r-xp 00000000 08:02 1441639                    /usr/lib/x86_64-linux-gnu/libgbm.so.1.0.0
7f3b99694000-7f3b99893000 ---p 00006000 08:02 1441639                    /usr/lib/x86_64-linux-gnu/libgbm.so.1.0.0
7f3b99893000-7f3b99894000 r--p 00005000 08:02 1441639                    /usr/lib/x86_64-linux-gnu/libgbm.so.1.0.0
7f3b99894000-7f3b99895000 rw-p 00006000 08:02 1441639                    /usr/lib/x86_64-linux-gnu/libgbm.so.1.0.0
7f3b99895000-7f3b998a3000 r-xp 00000000 08:02 1441637                    /usr/lib/x86_64-linux-gnu/libwayland-server.so.0.1.0
7f3b998a3000-7f3b99aa2000 ---p 0000e000 08:02 1441637                    /usr/lib/x86_64-linux-gnu/libwayland-server.so.0.1.0
7f3b99aa2000-7f3b99aa4000 r--p 0000d000 08:02 1441637                    /usr/lib/x86_64-linux-gnu/libwayland-server.so.0.1.0
7f3b99aa4000-7f3b99aa5000 rw-p 0000f000 08:02 1441637                    /usr/lib/x86_64-linux-gnu/libwayland-server.so.0.1.0
7f3b99aa5000-7f3b9b4ef000 r-xp 00000000 08:02 1464653                    /usr/lib/x86_64-linux-gnu/libnvidia-glcore.so.319.72
7f3b9b4ef000-7f3b9b6ef000 ---p 01a4a000 08:02 1464653                    /usr/lib/x86_64-linux-gnu/libnvidia-glcore.so.319.72
7f3b9b6ef000-7f3b9bfe6000 rwxp 01a4a000 08:02 1464653                    /usr/lib/x86_64-linux-gnu/libnvidia-glcore.so.319.72
7f3b9bfe6000-7f3b9c000000 rwxp 00000000 00:00 0 
7f3b9c000000-7f3b9e649000 rw-p 00000000 00:00 0 
7f3b9e649000-7f3ba0000000 ---p 00000000 00:00 0 
7f3ba0000000-7f3ba0001000 r--s 00000000 08:02 440926                     /var/cache/fontconfig/406a1d2d2bf3ed7664fbadefac0b2f66-le64.cache-4
7f3ba0001000-7f3ba0005000 r--s 00000000 08:02 440920                     /var/cache/fontconfig/4d6aee6d44eccb37054d3216e945f618-le64.cache-4
7f3ba0005000-7f3ba0009000 r--s 00000000 08:02 440919                     /var/cache/fontconfig/d6c6df98c3df5faf9bd0f8ef4d91efe5-le64.cache-4
7f3ba0009000-7f3ba000d000 r--s 00000000 08:02 440918                     /var/cache/fontconfig/9fb319ef52839f11ee26ab8b4cffa12b-le64.cache-4
7f3ba000d000-7f3ba000f000 r--s 00000000 08:02 440916                     /var/cache/fontconfig/c19b55eb3b4c5b40ea175e31682068a5-le64.cache-4
7f3ba000f000-7f3ba002e000 r--s 00000000 08:02 424475                     /var/cache/fontconfig/e13b20fdb08344e0e664864cc2ede53d-le64.cache-4
7f3ba002e000-7f3ba003b000 r--s 00000000 08:02 440946                     /var/cache/fontconfig/8f02d4cb045bd6ce15663e43f347c9f8-le64.cache-4
7f3ba013b000-7f3ba0146000 r-xp 00000000 08:02 1441635                    /usr/lib/x86_64-linux-gnu/libwayland-client.so.0.1.0
7f3ba0146000-7f3ba0345000 ---p 0000b000 08:02 1441635                    /usr/lib/x86_64-linux-gnu/libwayland-client.so.0.1.0
7f3ba0345000-7f3ba0347000 r--p 0000a000 08:02 1441635                    /usr/lib/x86_64-linux-gnu/libwayland-client.so.0.1.0
7f3ba0347000-7f3ba0348000 rw-p 0000c000 08:02 1441635                    /usr/lib/x86_64-linux-gnu/libwayland-client.so.0.1.0
7f3ba0348000-7f3ba034a000 r-xp 00000000 08:02 1441645                    /usr/lib/x86_64-linux-gnu/libxcb-shape.so.0.0.0
7f3ba034a000-7f3ba054a000 ---p 00002000 08:02 1441645                    /usr/lib/x86_64-linux-gnu/libxcb-shape.so.0.0.0
7f3ba054a000-7f3ba054b000 r--p 00002000 08:02 1441645                    /usr/lib/x86_64-linux-gnu/libxcb-shape.so.0.0.0
7f3ba054b000-7f3ba054c000 rw-p 00003000 08:02 1441645                    /usr/lib/x86_64-linux-gnu/libxcb-shape.so.0.0.0
7f3ba054c000-7f3ba0551000 r-xp 00000000 08:02 1441647                    /usr/lib/x86_64-linux-gnu/libxcb-xfixes.so.0.0.0
7f3ba0551000-7f3ba0751000 ---p 00005000 08:02 1441647                    /usr/lib/x86_64-linux-gnu/libxcb-xfixes.so.0.0.0
7f3ba0751000-7f3ba0752000 r--p 00005000 08:02 1441647                    /usr/lib/x86_64-linux-gnu/libxcb-xfixes.so.0.0.0
7f3ba0752000-7f3ba0753000 rw-p 00006000 08:02 1441647                    /usr/lib/x86_64-linux-gnu/libxcb-xfixes.so.0.0.0
7f3ba0753000-7f3ba0756000 r-xp 00000000 08:02 1442938                    /usr/lib/x86_64-linux-gnu/libxcb-dri2.so.0.0.0
7f3ba0756000-7f3ba0956000 ---p 00003000 08:02 1442938                    /usr/lib/x86_64-linux-gnu/libxcb-dri2.so.0.0.0
7f3ba0956000-7f3ba0957000 r--p 00003000 08:02 1442938                    /usr/lib/x86_64-linux-gnu/libxcb-dri2.so.0.0.0
7f3ba0957000-7f3ba0958000 rw-p 00004000 08:02 1442938                    /usr/lib/x86_64-linux-gnu/libxcb-dri2.so.0.0.0
7f3ba0958000-7f3ba0959000 r-xp 00000000 08:02 1441427                    /usr/lib/x86_64-linux-gnu/libX11-xcb.so.1.0.0
7f3ba0959000-7f3ba0b58000 ---p 00001000 08:02 1441427                    /usr/lib/x86_64-linux-gnu/libX11-xcb.so.1.0.0
7f3ba0b58000-7f3ba0b59000 r--p 00000000 08:02 1441427                    /usr/lib/x86_64-linux-gnu/libX11-xcb.so.1.0.0
7f3ba0b59000-7f3ba0b5a000 rw-p 00001000 08:02 1441427                    /usr/lib/x86_64-linux-gnu/libX11-xcb.so.1.0.0
7f3ba0b5a000-7f3ba0b72000 r-xp 00000000 08:02 1441677                    /usr/lib/x86_64-linux-gnu/libgraphite2.so.3.0.1
7f3ba0b72000-7f3ba0d71000 ---p 00018000 08:02 1441677                    /usr/lib/x86_64-linux-gnu/libgraphite2.so.3.0.1
7f3ba0d71000-7f3ba0d73000 r--p 00017000 08:02 1441677                    /usr/lib/x86_64-linux-gnu/libgraphite2.so.3.0.1
7f3ba0d73000-7f3ba0d74000 rw-p 00019000 08:02 1441677                    /usr/lib/x86_64-linux-gnu/libgraphite2.so.3.0.1
7f3ba0d74000-7f3ba0d77000 r-xp 00000000 08:02 1464651                    /usr/lib/x86_64-linux-gnu/tls/libnvidia-tls.so.319.72
7f3ba0d77000-7f3ba0f76000 ---p 00003000 08:02 1464651                    /usr/lib/x86_64-linux-gnu/tls/libnvidia-tls.so.319.72
7f3ba0f76000-7f3ba0f77000 rw-p 00002000 08:02 1464651                    /usr/lib/x86_64-linux-gnu/tls/libnvidia-tls.so.319.72
7f3ba0f77000-7f3ba0fb5000 r-xp 00000000 08:02 1177820                    /lib/x86_64-linux-gnu/libpcre.so.3.13.1
7f3ba0fb5000-7f3ba11b4000 ---p 0003e000 08:02 1177820                    /lib/x86_64-linux-gnu/libpcre.so.3.13.1
7f3ba11b4000-7f3ba11b5000 rw-p 0003d000 08:02 1177820                    /lib/x86_64-linux-gnu/libpcre.so.3.13.1
7f3ba11b5000-7f3ba11bc000 r-xp 00000000 08:02 1442572                    /usr/lib/x86_64-linux-gnu/libffi.so.6.0.1
7f3ba11bc000-7f3ba13bb000 ---p 00007000 08:02 1442572                    /usr/lib/x86_64-linux-gnu/libffi.so.6.0.1
7f3ba13bb000-7f3ba13bc000 r--p 00006000 08:02 1442572                    /usr/lib/x86_64-linux-gnu/libffi.so.6.0.1
7f3ba13bc000-7f3ba13bd000 rw-p 00007000 08:02 1442572                    /usr/lib/x86_64-linux-gnu/libffi.so.6.0.1
7f3ba13bd000-7f3ba13e4000 r-xp 00000000 08:02 1177816                    /lib/x86_64-linux-gnu/libexpat.so.1.6.0
7f3ba13e4000-7f3ba15e4000 ---p 00027000 08:02 1177816                    /lib/x86_64-linux-gnu/libexpat.so.1.6.0
7f3ba15e4000-7f3ba15e6000 r--p 00027000 08:02 1177816                    /lib/x86_64-linux-gnu/libexpat.so.1.6.0
7f3ba15e6000-7f3ba15e7000 rw-p 00029000 08:02 1177816                    /lib/x86_64-linux-gnu/libexpat.so.1.6.0
7f3ba15e7000-7f3ba15ef000 r-xp 00000000 08:02 1442858                    /usr/lib/x86_64-linux-gnu/libthai.so.0.2.0
7f3ba15ef000-7f3ba17ee000 ---p 00008000 08:02 1442858                    /usr/lib/x86_64-linux-gnu/libthai.so.0.2.0
7f3ba17ee000-7f3ba17ef000 r--p 00007000 08:02 1442858                    /usr/lib/x86_64-linux-gnu/libthai.so.0.2.0
7f3ba17ef000-7f3ba17f0000 rw-p 00008000 08:02 1442858                    /usr/lib/x86_64-linux-gnu/libthai.so.0.2.0
7f3ba17f0000-7f3ba180d000 r-xp 00000000 08:02 1442455                    /usr/lib/x86_64-linux-gnu/libxcb.so.1.1.0
7f3ba180d000-7f3ba1a0c000 ---p 0001d000 08:02 1442455                    /usr/lib/x86_64-linux-gnu/libxcb.so.1.1.0
7f3ba1a0c000-7f3ba1a0d000 r--p 0001c000 08:02 1442455                    /usr/lib/x86_64-linux-gnu/libxcb.so.1.1.0
7f3ba1a0d000-7f3ba1a0e000 rw-p 0001d000 08:02 1442455                    /usr/lib/x86_64-linux-gnu/libxcb.so.1.1.0
7f3ba1a0e000-7f3ba1a16000 r-xp 00000000 08:02 1441643                    /usr/lib/x86_64-linux-gnu/libxcb-render.so.0.0.0
7f3ba1a16000-7f3ba1c15000 ---p 00008000 08:02 1441643                    /usr/lib/x86_64-linux-gnu/libxcb-render.so.0.0.0
7f3ba1c15000-7f3ba1c16000 r--p 00007000 08:02 1441643                    /usr/lib/x86_64-linux-gnu/libxcb-render.so.0.0.0
7f3ba1c16000-7f3ba1c17000 rw-p 00008000 08:02 1441643                    /usr/lib/x86_64-linux-gnu/libxcb-render.so.0.0.0
7f3ba1c17000-7f3ba1c19000 r-xp 00000000 08:02 1441651                    /usr/lib/x86_64-linux-gnu/libxcb-shm.so.0.0.0
7f3ba1c19000-7f3ba1e18000 ---p 00002000 08:02 1441651                    /usr/lib/x86_64-linux-gnu/libxcb-shm.so.0.0.0
7f3ba1e18000-7f3ba1e19000 r--p 00001000 08:02 1441651                    /usr/lib/x86_64-linux-gnu/libxcb-shm.so.0.0.0
7f3ba1e19000-7f3ba1e1a000 rw-p 00002000 08:02 1441651                    /usr/lib/x86_64-linux-gnu/libxcb-shm.so.0.0.0
7f3ba1e1a000-7f3ba1e3a000 r-xp 00000000 08:02 1441649                    /usr/lib/x86_64-linux-gnu/libEGL.so.1.0.0
7f3ba1e3a000-7f3ba203a000 ---p 00020000 08:02 1441649                    /usr/lib/x86_64-linux-gnu/libEGL.so.1.0.0
7f3ba203a000-7f3ba203b000 r--p 00020000 08:02 1441649                    /usr/lib/x86_64-linux-gnu/libEGL.so.1.0.0
7f3ba203b000-7f3ba203c000 rw-p 00021000 08:02 1441649                    /usr/lib/x86_64-linux-gnu/libEGL.so.1.0.0
7f3ba203c000-7f3ba20dd000 r-xp 00000000 08:02 1442946                    /usr/lib/x86_64-linux-gnu/libpixman-1.so.0.30.2
7f3ba20dd000-7f3ba22dd000 ---p 000a1000 08:02 1442946                    /usr/lib/x86_64-linux-gnu/libpixman-1.so.0.30.2
7f3ba22dd000-7f3ba22e4000 rw-p 000a1000 08:02 1442946                    /usr/lib/x86_64-linux-gnu/libpixman-1.so.0.30.2
7f3ba22e4000-7f3ba230a000 r-xp 00000000 08:02 1177827                    /lib/x86_64-linux-gnu/libpng12.so.0.49.0
7f3ba230a000-7f3ba2509000 ---p 00026000 08:02 1177827                    /lib/x86_64-linux-gnu/libpng12.so.0.49.0
7f3ba2509000-7f3ba250a000 r--p 00025000 08:02 1177827                    /lib/x86_64-linux-gnu/libpng12.so.0.49.0
7f3ba250a000-7f3ba250b000 rw-p 00026000 08:02 1177827                    /lib/x86_64-linux-gnu/libpng12.so.0.49.0
7f3ba250b000-7f3ba255c000 r-xp 00000000 08:02 1443107                    /usr/lib/x86_64-linux-gnu/libharfbuzz.so.0.919.0
7f3ba255c000-7f3ba275c000 ---p 00051000 08:02 1443107                    /usr/lib/x86_64-linux-gnu/libharfbuzz.so.0.919.0
7f3ba275c000-7f3ba275d000 r--p 00051000 08:02 1443107                    /usr/lib/x86_64-linux-gnu/libharfbuzz.so.0.919.0
7f3ba275d000-7f3ba275e000 rw-p 00052000 08:02 1443107                    /usr/lib/x86_64-linux-gnu/libharfbuzz.so.0.919.0
7f3ba275e000-7f3ba2771000 r-xp 00000000 08:02 1177843                    /lib/x86_64-linux-gnu/libresolv-2.17.so
7f3ba2771000-7f3ba2971000 ---p 00013000 08:02 1177843                    /lib/x86_64-linux-gnu/libresolv-2.17.so
7f3ba2971000-7f3ba2972000 r--p 00013000 08:02 1177843                    /lib/x86_64-linux-gnu/libresolv-2.17.so
7f3ba2972000-7f3ba2973000 rw-p 00014000 08:02 1177843                    /lib/x86_64-linux-gnu/libresolv-2.17.so
7f3ba2973000-7f3ba2975000 rw-p 00000000 00:00 0 
7f3ba2975000-7f3ba2995000 r-xp 00000000 08:02 1180925                    /lib/x86_64-linux-gnu/libselinux.so.1
7f3ba2995000-7f3ba2b94000 ---p 00020000 08:02 1180925                    /lib/x86_64-linux-gnu/libselinux.so.1
7f3ba2b94000-7f3ba2b95000 r--p 0001f000 08:02 1180925                    /lib/x86_64-linux-gnu/libselinux.so.1
7f3ba2b95000-7f3ba2b96000 rw-p 00020000 08:02 1180925                    /lib/x86_64-linux-gnu/libselinux.so.1
7f3ba2b96000-7f3ba2b98000 rw-p 00000000 00:00 0 
7f3ba2b98000-7f3ba2baf000 r-xp 00000000 08:02 1177804                    /lib/x86_64-linux-gnu/libz.so.1.2.8
7f3ba2baf000-7f3ba2dae000 ---p 00017000 08:02 1177804                    /lib/x86_64-linux-gnu/libz.so.1.2.8
7f3ba2dae000-7f3ba2daf000 r--p 00016000 08:02 1177804                    /lib/x86_64-linux-gnu/libz.so.1.2.8
7f3ba2daf000-7f3ba2db0000 rw-p 00017000 08:02 1177804                    /lib/x86_64-linux-gnu/libz.so.1.2.8
7f3ba2db0000-7f3ba2dc1000 r-xp 00000000 08:02 1447453                    /usr/lib/x86_64-linux-gnu/libXext.so.6.4.0
7f3ba2dc1000-7f3ba2fc0000 ---p 00011000 08:02 1447453                    /usr/lib/x86_64-linux-gnu/libXext.so.6.4.0
7f3ba2fc0000-7f3ba2fc1000 r--p 00010000 08:02 1447453                    /usr/lib/x86_64-linux-gnu/libXext.so.6.4.0
7f3ba2fc1000-7f3ba2fc2000 rw-p 00011000 08:02 1447453                    /usr/lib/x86_64-linux-gnu/libXext.so.6.4.0
7f3ba2fc2000-7f3ba2fcc000 r-xp 00000000 08:02 1443139                    /usr/lib/x86_64-linux-gnu/libXcursor.so.1.0.2
7f3ba2fcc000-7f3ba31cb000 ---p 0000a000 08:02 1443139                    /usr/lib/x86_64-linux-gnu/libXcursor.so.1.0.2
7f3ba31cb000-7f3ba31cc000 r--p 00009000 08:02 1443139                    /usr/lib/x86_64-linux-gnu/libXcursor.so.1.0.2
7f3ba31cc000-7f3ba31cd000 rw-p 0000a000 08:02 1443139                    /usr/lib/x86_64-linux-gnu/libXcursor.so.1.0.2
7f3ba31cd000-7f3ba31d6000 r-xp 00000000 08:02 1443145                    /usr/lib/x86_64-linux-gnu/libXrandr.so.2.2.0
7f3ba31d6000-7f3ba33d5000 ---p 00009000 08:02 1443145                    /usr/lib/x86_64-linux-gnu/libXrandr.so.2.2.0
7f3ba33d5000-7f3ba33d6000 r--p 00008000 08:02 1443145                    /usr/lib/x86_64-linux-gnu/libXrandr.so.2.2.0
7f3ba33d6000-7f3ba33d7000 rw-p 00009000 08:02 1443145                    /usr/lib/x86_64-linux-gnu/libXrandr.so.2.2.0
7f3ba33d7000-7f3ba33e6000 r-xp 00000000 08:02 1443141                    /usr/lib/x86_64-linux-gnu/libXi.so.6.1.0
7f3ba33e6000-7f3ba35e5000 ---p 0000f000 08:02 1443141                    /usr/lib/x86_64-linux-gnu/libXi.so.6.1.0
7f3ba35e5000-7f3ba35e6000 r--p 0000e000 08:02 1443141                    /usr/lib/x86_64-linux-gnu/libXi.so.6.1.0
7f3ba35e6000-7f3ba35e7000 rw-p 0000f000 08:02 1443141                    /usr/lib/x86_64-linux-gnu/libXi.so.6.1.0
7f3ba35e7000-7f3ba35e9000 r-xp 00000000 08:02 1443143                    /usr/lib/x86_64-linux-gnu/libXinerama.so.1.0.0
7f3ba35e9000-7f3ba37e8000 ---p 00002000 08:02 1443143                    /usr/lib/x86_64-linux-gnu/libXinerama.so.1.0.0
7f3ba37e8000-7f3ba37e9000 r--p 00001000 08:02 1443143                    /usr/lib/x86_64-linux-gnu/libXinerama.so.1.0.0
7f3ba37e9000-7f3ba37ea000 rw-p 00002000 08:02 1443143                    /usr/lib/x86_64-linux-gnu/libXinerama.so.1.0.0
7f3ba37ea000-7f3ba37f3000 r-xp 00000000 08:02 1443101                    /usr/lib/x86_64-linux-gnu/libXrender.so.1.3.0
7f3ba37f3000-7f3ba39f2000 ---p 00009000 08:02 1443101                    /usr/lib/x86_64-linux-gnu/libXrender.so.1.3.0
7f3ba39f2000-7f3ba39f3000 r--p 00008000 08:02 1443101                    /usr/lib/x86_64-linux-gnu/libXrender.so.1.3.0
7f3ba39f3000-7f3ba39f4000 rw-p 00009000 08:02 1443101                    /usr/lib/x86_64-linux-gnu/libXrender.so.1.3.0
7f3ba39f4000-7f3ba39f9000 r-xp 00000000 08:02 1443133                    /usr/lib/x86_64-linux-gnu/libXfixes.so.3.1.0
7f3ba39f9000-7f3ba3bf8000 ---p 00005000 08:02 1443133                    /usr/lib/x86_64-linux-gnu/libXfixes.so.3.1.0
7f3ba3bf8000-7f3ba3bf9000 r--p 00004000 08:02 1443133                    /usr/lib/x86_64-linux-gnu/libXfixes.so.3.1.0
7f3ba3bf9000-7f3ba3bfa000 rw-p 00005000 08:02 1443133                    /usr/lib/x86_64-linux-gnu/libXfixes.so.3.1.0
7f3ba3bfa000-7f3ba3bfc000 r-xp 00000000 08:02 1443135                    /usr/lib/x86_64-linux-gnu/libXdamage.so.1.1.0
7f3ba3bfc000-7f3ba3dfb000 ---p 00002000 08:02 1443135                    /usr/lib/x86_64-linux-gnu/libXdamage.so.1.1.0
7f3ba3dfb000-7f3ba3dfc000 r--p 00001000 08:02 1443135                    /usr/lib/x86_64-linux-gnu/libXdamage.so.1.1.0
7f3ba3dfc000-7f3ba3dfd000 rw-p 00002000 08:02 1443135                    /usr/lib/x86_64-linux-gnu/libXdamage.so.1.1.0
7f3ba3dfd000-7f3ba3dff000 r-xp 00000000 08:02 1443131                    /usr/lib/x86_64-linux-gnu/libXcomposite.so.1.0.0
7f3ba3dff000-7f3ba3ffe000 ---p 00002000 08:02 1443131                    /usr/lib/x86_64-linux-gnu/libXcomposite.so.1.0.0
7f3ba3ffe000-7f3ba3fff000 r--p 00001000 08:02 1443131                    /usr/lib/x86_64-linux-gnu/libXcomposite.so.1.0.0
7f3ba3fff000-7f3ba4000000 rw-p 00002000 08:02 1443131                    /usr/lib/x86_64-linux-gnu/libXcomposite.so.1.0.0
7f3ba4000000-7f3ba4021000 rw-p 00000000 00:00 0 
7f3ba4021000-7f3ba8000000 ---p 00000000 00:00 0 
7f3ba8000000-7f3ba8021000 rw-p 00000000 00:00 0 
7f3ba8021000-7f3bac000000 ---p 00000000 00:00 0 
7f3bac000000-7f3bae72b000 rw-p 00000000 00:00 0 
7f3bae72b000-7f3bb0000000 ---p 00000000 00:00 0 
7f3bb0000000-7f3bb0b96000 rw-p 00000000 00:00 0 
7f3bb0b96000-7f3bb4000000 ---p 00000000 00:00 0 
7f3bb4000000-7f3bb4021000 rw-p 00000000 00:00 0 
7f3bb4021000-7f3bb8000000 ---p 00000000 00:00 0 
7f3bb8000000-7f3bb8001000 r--s 00000000 08:02 440915                     /var/cache/fontconfig/c277e94e32b20404286a1ddafa5a80f0-le64.cache-4
7f3bb8001000-7f3bb8002000 r--s 00000000 08:02 396059                     /var/cache/fontconfig/62f91419b9ebdb6975e7e41ab6412357-le64.cache-4
7f3bb8002000-7f3bb8005000 r--s 00000000 08:02 440914                     /var/cache/fontconfig/de83a0a961185c8bd1f159015d56c039-le64.cache-4
7f3bb8005000-7f3bb8008000 r--s 00000000 08:02 440911                     /var/cache/fontconfig/7ef2298fde41cc6eeb7af42e48b7d293-le64.cache-4
7f3bb8008000-7f3bb800a000 r--s 00000000 08:02 440947                     /var/cache/fontconfig/16326683038b281783a0ef8c680e3a10-le64.cache-4
7f3bb800a000-7f3bb800b000 r--s 00000000 08:02 440945                     /var/cache/fontconfig/e0aa53bcfa504e64f87823c16bc01eb6-le64.cache-4
7f3bb800b000-7f3bb8029000 r--s 00000000 08:02 424460                     /var/cache/fontconfig/467c019e582ee353435ea5c21d137ef6-le64.cache-4
7f3bb8029000-7f3bb8034000 r--s 00116000 08:02 1367105                    /usr/lib/jvm/java-8-oracle/jre/lib/ext/localedata.jar
7f3bb8034000-7f3bb8050000 r--s 00393000 08:02 1367103                    /usr/lib/jvm/java-8-oracle/jre/lib/ext/cldrdata.jar
7f3bb8050000-7f3bb8052000 r--s 00001000 08:06 7214065                    /home/divine/.m2/repository/de/citec/apm.lib/0.4-SNAPSHOT/apm.lib-0.4-SNAPSHOT.jar
7f3bb8052000-7f3bb8054000 r--s 00000000 08:06 7215177                    /home/divine/.m2/repository/de/citec/apm.remote/0.4-SNAPSHOT/apm.remote-0.4-SNAPSHOT.jar
7f3bb8054000-7f3bb8056000 r--s 00001000 08:06 6956391                    /home/divine/.m2/repository/de/citec/agm.lib/0.4-SNAPSHOT/agm.lib-0.4-SNAPSHOT.jar
7f3bb8056000-7f3bb8058000 r--s 00000000 08:06 7214006                    /home/divine/.m2/repository/de/citec/agm.remote/0.4-SNAPSHOT/agm.remote-0.4-SNAPSHOT.jar
7f3bb8058000-7f3bb805a000 r--s 00001000 08:06 6956198                    /home/divine/.m2/repository/de/citec/scm.lib/0.4-SNAPSHOT/scm.lib-0.4-SNAPSHOT.jar
7f3bb805a000-7f3bb805c000 r--s 00000000 08:06 6956340                    /home/divine/.m2/repository/de/citec/scm.remote/0.4-SNAPSHOT/scm.remote-0.4-SNAPSHOT.jar
7f3bb805c000-7f3bb805d000 r--s 00001000 08:06 6956149                    /home/divine/.m2/repository/de/citec/lm.lib/0.4-SNAPSHOT/lm.lib-0.4-SNAPSHOT.jar
7f3bb805d000-7f3bb805e000 r--s 00001000 08:06 6956157                    /home/divine/.m2/repository/de/citec/lm.remote/0.4-SNAPSHOT/lm.remote-0.4-SNAPSHOT.jar
7f3bb805e000-7f3bb8060000 r--s 00045000 08:06 6953859                    /home/divine/.m2/repository/java3d/vecmath/1.3.1/vecmath-1.3.1.jar
7f3bb8060000-7f3bb8077000 r--s 00199000 08:06 6956092                    /home/divine/.m2/repository/rsb/rst-csra/0.12.51/rst-csra-0.12.51.jar
7f3bb8077000-7f3bb8097000 r--s 00232000 08:06 6956073                    /home/divine/.m2/repository/rsb/rst-sandbox-csra/0.12.51/rst-sandbox-csra-0.12.51.jar
7f3bb8097000-7f3bb80a7000 r--s 000d2000 08:06 6953856                    /home/divine/.m2/repository/com/fasterxml/jackson/core/jackson-databind/2.1.2/jackson-databind-2.1.2.jar
7f3bb80a7000-7f3bb80e7000 rw-s 69092000 00:05 8494                       /dev/nvidia0
7f3bb80e7000-7f3bb80fc000 r-xp 00000000 08:02 1177773                    /lib/x86_64-linux-gnu/libgcc_s.so.1
7f3bb80fc000-7f3bb82fc000 ---p 00015000 08:02 1177773                    /lib/x86_64-linux-gnu/libgcc_s.so.1
7f3bb82fc000-7f3bb82fd000 rw-p 00015000 08:02 1177773                    /lib/x86_64-linux-gnu/libgcc_s.so.1
7f3bb82fd000-7f3bb83e2000 r-xp 00000000 08:02 1444298                    /usr/lib/x86_64-linux-gnu/libstdc++.so.6.0.18
7f3bb83e2000-7f3bb85e1000 ---p 000e5000 08:02 1444298                    /usr/lib/x86_64-linux-gnu/libstdc++.so.6.0.18
7f3bb85e1000-7f3bb85e9000 r--p 000e4000 08:02 1444298                    /usr/lib/x86_64-linux-gnu/libstdc++.so.6.0.18
7f3bb85e9000-7f3bb85eb000 rw-p 000ec000 08:02 1444298                    /usr/lib/x86_64-linux-gnu/libstdc++.so.6.0.18
7f3bb85eb000-7f3bb8600000 rw-p 00000000 00:00 0 
7f3bb8600000-7f3bb86da000 r-xp 00000000 08:02 1464657                    /usr/lib/x86_64-linux-gnu/nvidia/current/libGL.so.319.72
7f3bb86da000-7f3bb88d9000 ---p 000da000 08:02 1464657                    /usr/lib/x86_64-linux-gnu/nvidia/current/libGL.so.319.72
7f3bb88d9000-7f3bb8918000 rwxp 000d9000 08:02 1464657                    /usr/lib/x86_64-linux-gnu/nvidia/current/libGL.so.319.72
7f3bb8918000-7f3bb892e000 rwxp 00000000 00:00 0 
7f3bb892e000-7f3bb8933000 r-xp 00000000 08:02 1443329                    /usr/lib/x86_64-linux-gnu/libXxf86vm.so.1.0.0
7f3bb8933000-7f3bb8b32000 ---p 00005000 08:02 1443329                    /usr/lib/x86_64-linux-gnu/libXxf86vm.so.1.0.0
7f3bb8b32000-7f3bb8b33000 r--p 00004000 08:02 1443329                    /usr/lib/x86_64-linux-gnu/libXxf86vm.so.1.0.0
7f3bb8b33000-7f3bb8b34000 rw-p 00005000 08:02 1443329                    /usr/lib/x86_64-linux-gnu/libXxf86vm.so.1.0.0
7f3bb8b34000-7f3bb8c69000 r-xp 00000000 08:02 1442459                    /usr/lib/x86_64-linux-gnu/libX11.so.6.3.0
7f3bb8c69000-7f3bb8e69000 ---p 00135000 08:02 1442459                    /usr/lib/x86_64-linux-gnu/libX11.so.6.3.0
7f3bb8e69000-7f3bb8e6a000 r--p 00135000 08:02 1442459                    /usr/lib/x86_64-linux-gnu/libX11.so.6.3.0
7f3bb8e6a000-7f3bb8e6f000 rw-p 00136000 08:02 1442459                    /usr/lib/x86_64-linux-gnu/libX11.so.6.3.0
7f3bb8e6f000-7f3bb8e74000 r-xp 00000000 08:02 1439008                    /usr/lib/x86_64-linux-gnu/libXtst.so.6.1.0
7f3bb8e74000-7f3bb9073000 ---p 00005000 08:02 1439008                    /usr/lib/x86_64-linux-gnu/libXtst.so.6.1.0
7f3bb9073000-7f3bb9074000 r--p 00004000 08:02 1439008                    /usr/lib/x86_64-linux-gnu/libXtst.so.6.1.0
7f3bb9074000-7f3bb9075000 rw-p 00005000 08:02 1439008                    /usr/lib/x86_64-linux-gnu/libXtst.so.6.1.0
7f3bb9075000-7f3bb9171000 r-xp 00000000 08:02 1181020                    /lib/x86_64-linux-gnu/libglib-2.0.so.0.3600.4
7f3bb9171000-7f3bb9371000 ---p 000fc000 08:02 1181020                    /lib/x86_64-linux-gnu/libglib-2.0.so.0.3600.4
7f3bb9371000-7f3bb9372000 r--p 000fc000 08:02 1181020                    /lib/x86_64-linux-gnu/libglib-2.0.so.0.3600.4
7f3bb9372000-7f3bb9373000 rw-p 000fd000 08:02 1181020                    /lib/x86_64-linux-gnu/libglib-2.0.so.0.3600.4
7f3bb9373000-7f3bb9374000 rw-p 00000000 00:00 0 
7f3bb9374000-7f3bb9375000 r-xp 00000000 08:02 1439704                    /usr/lib/x86_64-linux-gnu/libgthread-2.0.so.0.3600.4
7f3bb9375000-7f3bb9574000 ---p 00001000 08:02 1439704                    /usr/lib/x86_64-linux-gnu/libgthread-2.0.so.0.3600.4
7f3bb9574000-7f3bb9575000 r--p 00000000 08:02 1439704                    /usr/lib/x86_64-linux-gnu/libgthread-2.0.so.0.3600.4
7f3bb9575000-7f3bb9576000 rw-p 00001000 08:02 1439704                    /usr/lib/x86_64-linux-gnu/libgthread-2.0.so.0.3600.4
7f3bb9576000-7f3bb9579000 r-xp 00000000 08:02 1439701                    /usr/lib/x86_64-linux-gnu/libgmodule-2.0.so.0.3600.4
7f3bb9579000-7f3bb9778000 ---p 00003000 08:02 1439701                    /usr/lib/x86_64-linux-gnu/libgmodule-2.0.so.0.3600.4
7f3bb9778000-7f3bb9779000 r--p 00002000 08:02 1439701                    /usr/lib/x86_64-linux-gnu/libgmodule-2.0.so.0.3600.4
7f3bb9779000-7f3bb977a000 rw-p 00003000 08:02 1439701                    /usr/lib/x86_64-linux-gnu/libgmodule-2.0.so.0.3600.4
7f3bb977a000-7f3bb97c8000 r-xp 00000000 08:02 1439702                    /usr/lib/x86_64-linux-gnu/libgobject-2.0.so.0.3600.4
7f3bb97c8000-7f3bb99c8000 ---p 0004e000 08:02 1439702                    /usr/lib/x86_64-linux-gnu/libgobject-2.0.so.0.3600.4
7f3bb99c8000-7f3bb99c9000 r--p 0004e000 08:02 1439702                    /usr/lib/x86_64-linux-gnu/libgobject-2.0.so.0.3600.4
7f3bb99c9000-7f3bb99ca000 rw-p 0004f000 08:02 1439702                    /usr/lib/x86_64-linux-gnu/libgobject-2.0.so.0.3600.4
7f3bb99ca000-7f3bb9a04000 r-xp 00000000 08:02 1440726                    /usr/lib/x86_64-linux-gnu/libfontconfig.so.1.8.0
7f3bb9a04000-7f3bb9c03000 ---p 0003a000 08:02 1440726                    /usr/lib/x86_64-linux-gnu/libfontconfig.so.1.8.0
7f3bb9c03000-7f3bb9c05000 r--p 00039000 08:02 1440726                    /usr/lib/x86_64-linux-gnu/libfontconfig.so.1.8.0
7f3bb9c05000-7f3bb9c06000 rw-p 0003b000 08:02 1440726                    /usr/lib/x86_64-linux-gnu/libfontconfig.so.1.8.0
7f3bb9c06000-7f3bb9ca5000 r-xp 00000000 08:02 1443613                    /usr/lib/x86_64-linux-gnu/libfreetype.so.6.11.0
7f3bb9ca5000-7f3bb9ea4000 ---p 0009f000 08:02 1443613                    /usr/lib/x86_64-linux-gnu/libfreetype.so.6.11.0
7f3bb9ea4000-7f3bb9eaa000 r--p 0009e000 08:02 1443613                    /usr/lib/x86_64-linux-gnu/libfreetype.so.6.11.0
7f3bb9eaa000-7f3bb9eab000 rw-p 000a4000 08:02 1443613                    /usr/lib/x86_64-linux-gnu/libfreetype.so.6.11.0
7f3bb9eab000-7f3bb9ef5000 r-xp 00000000 08:02 1442860                    /usr/lib/x86_64-linux-gnu/libpango-1.0.so.0.3600.0
7f3bb9ef5000-7f3bba0f4000 ---p 0004a000 08:02 1442860                    /usr/lib/x86_64-linux-gnu/libpango-1.0.so.0.3600.0
7f3bba0f4000-7f3bba0f6000 r--p 00049000 08:02 1442860                    /usr/lib/x86_64-linux-gnu/libpango-1.0.so.0.3600.0
7f3bba0f6000-7f3bba0f7000 rw-p 0004b000 08:02 1442860                    /usr/lib/x86_64-linux-gnu/libpango-1.0.so.0.3600.0
7f3bba0f7000-7f3bba210000 r-xp 00000000 08:02 1441653                    /usr/lib/x86_64-linux-gnu/libcairo.so.2.11200.16
7f3bba210000-7f3bba40f000 ---p 00119000 08:02 1441653                    /usr/lib/x86_64-linux-gnu/libcairo.so.2.11200.16
7f3bba40f000-7f3bba412000 r--p 00118000 08:02 1441653                    /usr/lib/x86_64-linux-gnu/libcairo.so.2.11200.16
7f3bba412000-7f3bba414000 rw-p 0011b000 08:02 1441653                    /usr/lib/x86_64-linux-gnu/libcairo.so.2.11200.16
7f3bba414000-7f3bba415000 rw-p 00000000 00:00 0 
7f3bba415000-7f3bba420000 r-xp 00000000 08:02 1442851                    /usr/lib/x86_64-linux-gnu/libpangocairo-1.0.so.0.3600.0
7f3bba420000-7f3bba620000 ---p 0000b000 08:02 1442851                    /usr/lib/x86_64-linux-gnu/libpangocairo-1.0.so.0.3600.0
7f3bba620000-7f3bba621000 r--p 0000b000 08:02 1442851                    /usr/lib/x86_64-linux-gnu/libpangocairo-1.0.so.0.3600.0
7f3bba621000-7f3bba622000 rw-p 0000c000 08:02 1442851                    /usr/lib/x86_64-linux-gnu/libpangocairo-1.0.so.0.3600.0
7f3bba622000-7f3bba641000 r-xp 00000000 08:02 1442862                    /usr/lib/x86_64-linux-gnu/libgdk_pixbuf-2.0.so.0.2800.2
7f3bba641000-7f3bba840000 ---p 0001f000 08:02 1442862                    /usr/lib/x86_64-linux-gnu/libgdk_pixbuf-2.0.so.0.2800.2
7f3bba840000-7f3bba841000 r--p 0001e000 08:02 1442862                    /usr/lib/x86_64-linux-gnu/libgdk_pixbuf-2.0.so.0.2800.2
7f3bba841000-7f3bba842000 rw-p 0001f000 08:02 1442862                    /usr/lib/x86_64-linux-gnu/libgdk_pixbuf-2.0.so.0.2800.2
7f3bba842000-7f3bba856000 r-xp 00000000 08:02 1442201                    /usr/lib/x86_64-linux-gnu/libpangoft2-1.0.so.0.3600.0
7f3bba856000-7f3bbaa55000 ---p 00014000 08:02 1442201                    /usr/lib/x86_64-linux-gnu/libpangoft2-1.0.so.0.3600.0
7f3bbaa55000-7f3bbaa56000 r--p 00013000 08:02 1442201                    /usr/lib/x86_64-linux-gnu/libpangoft2-1.0.so.0.3600.0
7f3bbaa56000-7f3bbaa57000 rw-p 00014000 08:02 1442201                    /usr/lib/x86_64-linux-gnu/libpangoft2-1.0.so.0.3600.0
7f3bbaa57000-7f3bbabab000 r-xp 00000000 08:02 1439703                    /usr/lib/x86_64-linux-gnu/libgio-2.0.so.0.3600.4
7f3bbabab000-7f3bbadaa000 ---p 00154000 08:02 1439703                    /usr/lib/x86_64-linux-gnu/libgio-2.0.so.0.3600.4
7f3bbadaa000-7f3bbadae000 r--p 00153000 08:02 1439703                    /usr/lib/x86_64-linux-gnu/libgio-2.0.so.0.3600.4
7f3bbadae000-7f3bbadb0000 rw-p 00157000 08:02 1439703                    /usr/lib/x86_64-linux-gnu/libgio-2.0.so.0.3600.4
7f3bbadb0000-7f3bbadb2000 rw-p 00000000 00:00 0 
7f3bbadb2000-7f3bbadd2000 r-xp 00000000 08:02 1444550                    /usr/lib/x86_64-linux-gnu/libatk-1.0.so.0.21009.1
7f3bbadd2000-7f3bbafd2000 ---p 00020000 08:02 1444550                    /usr/lib/x86_64-linux-gnu/libatk-1.0.so.0.21009.1
7f3bbafd2000-7f3bbafd4000 r--p 00020000 08:02 1444550                    /usr/lib/x86_64-linux-gnu/libatk-1.0.so.0.21009.1
7f3bbafd4000-7f3bbafd5000 rw-p 00022000 08:02 1444550                    /usr/lib/x86_64-linux-gnu/libatk-1.0.so.0.21009.1
7f3bbafd5000-7f3bbb082000 r-xp 00000000 08:02 1439086                    /usr/lib/x86_64-linux-gnu/libgdk-x11-2.0.so.0.2400.22
7f3bbb082000-7f3bbb282000 ---p 000ad000 08:02 1439086                    /usr/lib/x86_64-linux-gnu/libgdk-x11-2.0.so.0.2400.22
7f3bbb282000-7f3bbb287000 rw-p 000ad000 08:02 1439086                    /usr/lib/x86_64-linux-gnu/libgdk-x11-2.0.so.0.2400.22
7f3bbb287000-7f3bbb6b3000 r-xp 00000000 08:02 1439107                    /usr/lib/x86_64-linux-gnu/libgtk-x11-2.0.so.0.2400.22
7f3bbb6b3000-7f3bbb8b2000 ---p 0042c000 08:02 1439107                    /usr/lib/x86_64-linux-gnu/libgtk-x11-2.0.so.0.2400.22
7f3bbb8b2000-7f3bbb8bd000 rw-p 0042b000 08:02 1439107                    /usr/lib/x86_64-linux-gnu/libgtk-x11-2.0.so.0.2400.22
7f3bbb8bd000-7f3bbb8bf000 rw-p 00000000 00:00 0 
7f3bbb8bf000-7f3bbb8c0000 r--s 00002000 08:06 6956063                    /home/divine/.m2/repository/de/citec/dm.lib/0.4-SNAPSHOT/dm.lib-0.4-SNAPSHOT.jar
7f3bbb8c0000-7f3bbb8c5000 r--s 00041000 08:06 6954882                    /home/divine/.m2/repository/commons-lang/commons-lang/2.6/commons-lang-2.6.jar
7f3bbb8c5000-7f3bbb8c9000 r--s 0002a000 08:06 6696581                    /home/divine/.m2/repository/commons-io/commons-io/2.4/commons-io-2.4.jar
7f3bbb8c9000-7f3bbb8ce000 r--s 0002f000 08:06 6953933                    /home/divine/.m2/repository/com/google/code/gson/gson/2.3.1/gson-2.3.1.jar
7f3bbb8ed000-7f3bbb8ee000 rw-p 00000000 00:00 0 
7f3bbb8ee000-7f3bbb8fa000 r-xp 00000000 08:02 1367021                    /usr/lib/jvm/java-8-oracle/jre/lib/amd64/libprism_es2.so
7f3bbb8fa000-7f3bbbaf9000 ---p 0000c000 08:02 1367021                    /usr/lib/jvm/java-8-oracle/jre/lib/amd64/libprism_es2.so
7f3bbbaf9000-7f3bbbafa000 r--p 0000b000 08:02 1367021                    /usr/lib/jvm/java-8-oracle/jre/lib/amd64/libprism_es2.so
7f3bbbafa000-7f3bbbafb000 rw-p 0000c000 08:02 1367021                    /usr/lib/jvm/java-8-oracle/jre/lib/amd64/libprism_es2.so
7f3bbbafb000-7f3bbbafe000 ---p 00000000 00:00 0 
7f3bbbafe000-7f3bbbbfc000 rw-p 00000000 00:00 0                          [stack:10317]
7f3bbbbfc000-7f3bbbbfd000 ---p 00000000 00:00 0 
7f3bbbbfd000-7f3bbbcfd000 rw-p 00000000 00:00 0                          [stack:10316]
7f3bbbcfd000-7f3bbbd00000 ---p 00000000 00:00 0 
7f3bbbd00000-7f3bbbdfe000 rw-p 00000000 00:00 0                          [stack:10315]
7f3bbbdfe000-7f3bbbe01000 ---p 00000000 00:00 0 
7f3bbbe01000-7f3bbbeff000 rw-p 00000000 00:00 0                          [stack:10314]
7f3bbbeff000-7f3bbbf02000 ---p 00000000 00:00 0 
7f3bbbf02000-7f3bbc000000 rw-p 00000000 00:00 0                          [stack:10313]
7f3bbc000000-7f3bbc021000 rw-p 00000000 00:00 0 
7f3bbc021000-7f3bc0000000 ---p 00000000 00:00 0 
7f3bc0000000-7f3bc028c000 rw-p 00000000 00:00 0 
7f3bc028c000-7f3bc4000000 ---p 00000000 00:00 0 
7f3bc4000000-7f3bc4021000 rw-p 00000000 00:00 0 
7f3bc4021000-7f3bc8000000 ---p 00000000 00:00 0 
7f3bc8000000-7f3bc8021000 rw-p 00000000 00:00 0 
7f3bc8021000-7f3bcc000000 ---p 00000000 00:00 0 
7f3bcc000000-7f3bcc2a0000 rw-p 00000000 00:00 0 
7f3bcc2a0000-7f3bd0000000 ---p 00000000 00:00 0 
7f3bd0000000-7f3bd0001000 r--s 00001000 08:06 6956153                    /home/divine/.m2/repository/de/citec/dm.remote/0.4-SNAPSHOT/dm.remote-0.4-SNAPSHOT.jar
7f3bd0001000-7f3bd0002000 r--s 00012000 08:06 6953858                    /home/divine/.m2/repository/com/googlecode/protobuf-java-format/protobuf-java-format/1.2/protobuf-java-format-1.2.jar
7f3bd0002000-7f3bd000a000 r--s 0007b000 08:06 6953904                    /home/divine/.m2/repository/com/google/protobuf/protobuf-java/2.5.0/protobuf-java-2.5.0.jar
7f3bd000a000-7f3bd001f000 rw-s 1172f5000 00:05 8494                      /dev/nvidia0
7f3bd001f000-7f3bd00b4000 r--s 010fa000 08:02 1367104                    /usr/lib/jvm/java-8-oracle/jre/lib/ext/jfxrt.jar
7f3bd00b4000-7f3bd00b7000 ---p 00000000 00:00 0 
7f3bd00b7000-7f3bd01b5000 rw-p 00000000 00:00 0                          [stack:10312]
7f3bd01b5000-7f3bd033e000 r--p 00000000 08:02 1314944                    /usr/lib/locale/locale-archive
7f3bd033e000-7f3bd0341000 ---p 00000000 00:00 0 
7f3bd0341000-7f3bd043f000 rw-p 00000000 00:00 0                          [stack:10311]
7f3bd043f000-7f3bd0442000 ---p 00000000 00:00 0 
7f3bd0442000-7f3bd0540000 rw-p 00000000 00:00 0                          [stack:10310]
7f3bd0540000-7f3bd0541000 ---p 00000000 00:00 0 
7f3bd0541000-7f3bd0fba000 rw-p 00000000 00:00 0                          [stack:10309]
7f3bd0fba000-7f3bd1193000 r--s 03d09000 08:02 1366997                    /usr/lib/jvm/java-8-oracle/jre/lib/rt.jar
7f3bd1193000-7f3bd3a83000 rw-p 00000000 00:00 0 
7f3bd3a83000-7f3bd3a84000 ---p 00000000 00:00 0 
7f3bd3a84000-7f3bd3b84000 rw-p 00000000 00:00 0                          [stack:10308]
7f3bd3b84000-7f3bd3b85000 ---p 00000000 00:00 0 
7f3bd3b85000-7f3bd3ca4000 rw-p 00000000 00:00 0                          [stack:10305]
7f3bd3ca4000-7f3bd3dd0000 ---p 00000000 00:00 0 
7f3bd3dd0000-7f3bd3def000 rw-p 00000000 00:00 0 
7f3bd3def000-7f3bd3f1a000 ---p 00000000 00:00 0 
7f3bd3f1a000-7f3bd3fc0000 rw-p 00000000 00:00 0 
7f3bd3fc0000-7f3bd4014000 rw-p 00000000 00:00 0 
7f3bd4014000-7f3bd4381000 ---p 00000000 00:00 0 
7f3bd4381000-7f3bd5841000 rwxp 00000000 00:00 0 
7f3bd5841000-7f3be3381000 ---p 00000000 00:00 0 
7f3be3381000-7f3be339b000 r-xp 00000000 08:02 1367058                    /usr/lib/jvm/java-8-oracle/jre/lib/amd64/libzip.so
7f3be339b000-7f3be359b000 ---p 0001a000 08:02 1367058                    /usr/lib/jvm/java-8-oracle/jre/lib/amd64/libzip.so
7f3be359b000-7f3be359c000 rw-p 0001a000 08:02 1367058                    /usr/lib/jvm/java-8-oracle/jre/lib/amd64/libzip.so
7f3be359c000-7f3be35a8000 r-xp 00000000 08:02 1177850                    /lib/x86_64-linux-gnu/libnss_files-2.17.so
7f3be35a8000-7f3be37a7000 ---p 0000c000 08:02 1177850                    /lib/x86_64-linux-gnu/libnss_files-2.17.so
7f3be37a7000-7f3be37a8000 r--p 0000b000 08:02 1177850                    /lib/x86_64-linux-gnu/libnss_files-2.17.so
7f3be37a8000-7f3be37a9000 rw-p 0000c000 08:02 1177850                    /lib/x86_64-linux-gnu/libnss_files-2.17.so
7f3be37a9000-7f3be37b3000 r-xp 00000000 08:02 1177847                    /lib/x86_64-linux-gnu/libnss_nis-2.17.so
7f3be37b3000-7f3be39b2000 ---p 0000a000 08:02 1177847                    /lib/x86_64-linux-gnu/libnss_nis-2.17.so
7f3be39b2000-7f3be39b3000 r--p 00009000 08:02 1177847                    /lib/x86_64-linux-gnu/libnss_nis-2.17.so
7f3be39b3000-7f3be39b4000 rw-p 0000a000 08:02 1177847                    /lib/x86_64-linux-gnu/libnss_nis-2.17.so
7f3be39b4000-7f3be39c9000 r-xp 00000000 08:02 1181007                    /lib/x86_64-linux-gnu/libnsl-2.17.so
7f3be39c9000-7f3be3bc8000 ---p 00015000 08:02 1181007                    /lib/x86_64-linux-gnu/libnsl-2.17.so
7f3be3bc8000-7f3be3bc9000 r--p 00014000 08:02 1181007                    /lib/x86_64-linux-gnu/libnsl-2.17.so
7f3be3bc9000-7f3be3bca000 rw-p 00015000 08:02 1181007                    /lib/x86_64-linux-gnu/libnsl-2.17.so
7f3be3bca000-7f3be3bcc000 rw-p 00000000 00:00 0 
7f3be3bcc000-7f3be3bd3000 r-xp 00000000 08:02 1177846                    /lib/x86_64-linux-gnu/libnss_compat-2.17.so
7f3be3bd3000-7f3be3dd2000 ---p 00007000 08:02 1177846                    /lib/x86_64-linux-gnu/libnss_compat-2.17.so
7f3be3dd2000-7f3be3dd3000 r--p 00006000 08:02 1177846                    /lib/x86_64-linux-gnu/libnss_compat-2.17.so
7f3be3dd3000-7f3be3dd4000 rw-p 00007000 08:02 1177846                    /lib/x86_64-linux-gnu/libnss_compat-2.17.so
7f3be3dd4000-7f3be3dfe000 r-xp 00000000 08:02 1367029                    /usr/lib/jvm/java-8-oracle/jre/lib/amd64/libjava.so
7f3be3dfe000-7f3be3ffe000 ---p 0002a000 08:02 1367029                    /usr/lib/jvm/java-8-oracle/jre/lib/amd64/libjava.so
7f3be3ffe000-7f3be4000000 rw-p 0002a000 08:02 1367029                    /usr/lib/jvm/java-8-oracle/jre/lib/amd64/libjava.so
7f3be4000000-7f3be440a000 rw-p 00000000 00:00 0 
7f3be440a000-7f3be8000000 ---p 00000000 00:00 0 
7f3be8000000-7f3be8002000 r--s 00006000 08:06 6696579                    /home/divine/.m2/repository/org/slf4j/slf4j-api/1.7.7/slf4j-api-1.7.7.jar
7f3be8002000-7f3be8004000 r--s 0000a000 08:06 6953717                    /home/divine/.m2/repository/de/citec/jps/2.0.1/jps-2.0.1.jar
7f3be8004000-7f3be800c000 r--s 0006e000 08:06 6953902                    /home/divine/.m2/repository/rsb/rsb/0.12.9/rsb-0.12.9.jar
7f3be800c000-7f3be8013000 rw-s 58bdd000 00:05 8494                       /dev/nvidia0
7f3be8013000-7f3be8089000 rw-p 00000000 00:00 0 
7f3be8089000-7f3be8096000 r-xp 00000000 08:02 1367062                    /usr/lib/jvm/java-8-oracle/jre/lib/amd64/libverify.so
7f3be8096000-7f3be8296000 ---p 0000d000 08:02 1367062                    /usr/lib/jvm/java-8-oracle/jre/lib/amd64/libverify.so
7f3be8296000-7f3be8298000 rw-p 0000d000 08:02 1367062                    /usr/lib/jvm/java-8-oracle/jre/lib/amd64/libverify.so
7f3be8298000-7f3be829f000 r-xp 00000000 08:02 1177751                    /lib/x86_64-linux-gnu/librt-2.17.so
7f3be829f000-7f3be849e000 ---p 00007000 08:02 1177751                    /lib/x86_64-linux-gnu/librt-2.17.so
7f3be849e000-7f3be849f000 r--p 00006000 08:02 1177751                    /lib/x86_64-linux-gnu/librt-2.17.so
7f3be849f000-7f3be84a0000 rw-p 00007000 08:02 1177751                    /lib/x86_64-linux-gnu/librt-2.17.so
7f3be84a0000-7f3be859c000 r-xp 00000000 08:02 1180992                    /lib/x86_64-linux-gnu/libm-2.17.so
7f3be859c000-7f3be879c000 ---p 000fc000 08:02 1180992                    /lib/x86_64-linux-gnu/libm-2.17.so
7f3be879c000-7f3be879d000 r--p 000fc000 08:02 1180992                    /lib/x86_64-linux-gnu/libm-2.17.so
7f3be879d000-7f3be879e000 rw-p 000fd000 08:02 1180992                    /lib/x86_64-linux-gnu/libm-2.17.so
7f3be879e000-7f3be944c000 r-xp 00000000 08:02 1367051                    /usr/lib/jvm/java-8-oracle/jre/lib/amd64/server/libjvm.so
7f3be944c000-7f3be964b000 ---p 00cae000 08:02 1367051                    /usr/lib/jvm/java-8-oracle/jre/lib/amd64/server/libjvm.so
7f3be964b000-7f3be9722000 rw-p 00cad000 08:02 1367051                    /usr/lib/jvm/java-8-oracle/jre/lib/amd64/server/libjvm.so
7f3be9722000-7f3be9766000 rw-p 00000000 00:00 0 
7f3be9766000-7f3be9909000 r-xp 00000000 08:02 1180909                    /lib/x86_64-linux-gnu/libc-2.17.so
7f3be9909000-7f3be9b08000 ---p 001a3000 08:02 1180909                    /lib/x86_64-linux-gnu/libc-2.17.so
7f3be9b08000-7f3be9b0c000 r--p 001a2000 08:02 1180909                    /lib/x86_64-linux-gnu/libc-2.17.so
7f3be9b0c000-7f3be9b0e000 rw-p 001a6000 08:02 1180909                    /lib/x86_64-linux-gnu/libc-2.17.so
7f3be9b0e000-7f3be9b12000 rw-p 00000000 00:00 0 
7f3be9b12000-7f3be9b15000 r-xp 00000000 08:02 1177852                    /lib/x86_64-linux-gnu/libdl-2.17.so
7f3be9b15000-7f3be9d14000 ---p 00003000 08:02 1177852                    /lib/x86_64-linux-gnu/libdl-2.17.so
7f3be9d14000-7f3be9d15000 r--p 00002000 08:02 1177852                    /lib/x86_64-linux-gnu/libdl-2.17.so
7f3be9d15000-7f3be9d16000 rw-p 00003000 08:02 1177852                    /lib/x86_64-linux-gnu/libdl-2.17.so
7f3be9d16000-7f3be9d2b000 r-xp 00000000 08:02 1366853                    /usr/lib/jvm/java-8-oracle/lib/amd64/jli/libjli.so
7f3be9d2b000-7f3be9f2b000 ---p 00015000 08:02 1366853                    /usr/lib/jvm/java-8-oracle/lib/amd64/jli/libjli.so
7f3be9f2b000-7f3be9f2c000 rw-p 00015000 08:02 1366853                    /usr/lib/jvm/java-8-oracle/lib/amd64/jli/libjli.so
7f3be9f2c000-7f3be9f43000 r-xp 00000000 08:02 1177845                    /lib/x86_64-linux-gnu/libpthread-2.17.so
7f3be9f43000-7f3bea142000 ---p 00017000 08:02 1177845                    /lib/x86_64-linux-gnu/libpthread-2.17.so
7f3bea142000-7f3bea143000 r--p 00016000 08:02 1177845                    /lib/x86_64-linux-gnu/libpthread-2.17.so
7f3bea143000-7f3bea144000 rw-p 00017000 08:02 1177845                    /lib/x86_64-linux-gnu/libpthread-2.17.so
7f3bea144000-7f3bea148000 rw-p 00000000 00:00 0 
7f3bea148000-7f3bea169000 r-xp 00000000 08:02 1177842                    /lib/x86_64-linux-gnu/ld-2.17.so
7f3bea169000-7f3bea16a000 r--s 00002000 08:06 6696580                    /home/divine/.m2/repository/org/slf4j/slf4j-simple/1.7.7/slf4j-simple-1.7.7.jar
7f3bea16a000-7f3bea16e000 r--s 0002f000 08:06 6953855                    /home/divine/.m2/repository/com/fasterxml/jackson/core/jackson-core/2.1.2/jackson-core-2.1.2.jar
7f3bea16e000-7f3bea233000 rw-p 00000000 00:00 0 
7f3bea233000-7f3bea236000 ---p 00000000 00:00 0 
7f3bea236000-7f3bea338000 rw-p 00000000 00:00 0                          [stack:10303]
7f3bea338000-7f3bea33a000 r--s 00007000 08:06 6953857                    /home/divine/.m2/repository/com/fasterxml/jackson/core/jackson-annotations/2.1.1/jackson-annotations-2.1.1.jar
7f3bea33a000-7f3bea33c000 rw-p 00000000 00:00 0 
7f3bea33c000-7f3bea33e000 rw-s 00000000 08:02 268720                     /tmp/glliudPp (deleted)
7f3bea33e000-7f3bea33f000 rw-s e0006000 00:05 8494                       /dev/nvidia0
7f3bea33f000-7f3bea340000 rw-s 58bdc000 00:05 8494                       /dev/nvidia0
7f3bea340000-7f3bea344000 rw-s 2a4f8000 00:05 8494                       /dev/nvidia0
7f3bea344000-7f3bea345000 rw-s fdc08000 00:05 8494                       /dev/nvidia0
7f3bea345000-7f3bea346000 rw-s fd641000 00:05 8494                       /dev/nvidia0
7f3bea346000-7f3bea347000 rw-s 368ac000 00:05 8494                       /dev/nvidia0
7f3bea347000-7f3bea348000 rw-s 2a7c5000 00:05 8494                       /dev/nvidia0
7f3bea348000-7f3bea349000 rw-s fd060000 00:05 8494                       /dev/nvidia0
7f3bea349000-7f3bea35d000 rw-p 00000000 00:00 0 
7f3bea35d000-7f3bea365000 rw-s 00000000 08:02 268719                     /tmp/hsperfdata_divine/10302
7f3bea365000-7f3bea366000 rw-p 00000000 00:00 0 
7f3bea366000-7f3bea367000 r--p 00000000 00:00 0 
7f3bea367000-7f3bea369000 rw-p 00000000 00:00 0 
7f3bea369000-7f3bea36a000 r--p 00021000 08:02 1177842                    /lib/x86_64-linux-gnu/ld-2.17.so
7f3bea36a000-7f3bea36c000 rw-p 00022000 08:02 1177842                    /lib/x86_64-linux-gnu/ld-2.17.so
7fff03541000-7fff03563000 rw-p 00000000 00:00 0                          [stack]
7fff035fe000-7fff03600000 r-xp 00000000 00:00 0                          [vdso]
ffffffffff600000-ffffffffff601000 r-xp 00000000 00:00 0                  [vsyscall]

VM Arguments:
java_command: de.citec.csra.re.RegistryEditor
java_class_path (initial): /home/divine/workspace/csra/registry-editor/target/classes:/home/divine/.m2/repository/com/fasterxml/jackson/core/jackson-core/2.1.2/jackson-core-2.1.2.jar:/home/divine/.m2/repository/com/fasterxml/jackson/core/jackson-databind/2.1.2/jackson-databind-2.1.2.jar:/home/divine/.m2/repository/com/fasterxml/jackson/core/jackson-annotations/2.1.1/jackson-annotations-2.1.1.jar:/home/divine/workspace/csra/jul/extension/rsb/com/target/classes:/home/divine/workspace/csra/jul/extension/rsb/interface/target/classes:/home/divine/workspace/csra/jul/exception/target/classes:/home/divine/workspace/csra/jul/extension/protobuf/target/classes:/home/divine/workspace/csra/jul/interface/target/classes:/home/divine/workspace/csra/jul/schedule/target/classes:/home/divine/workspace/csra/jul/pattern/target/classes:/home/divine/.m2/repository/rsb/rsb/0.12.9/rsb-0.12.9.jar:/home/divine/.m2/repository/com/google/protobuf/protobuf-java/2.5.0/protobuf-java-2.5.0.jar:/home/divine/.m2/repository/de/citec/jps/2.0.1/jps-2.0.1.jar:/home/divine/.m2/repository/org/slf4j/slf4j-api/1.7.7/slf4j-api-1.7.7.jar:/home/divine/.m2/repository/org/slf4j/slf4j-simple/1.7.7/slf4j-simple-1.7.7.jar:/home/divine/workspace/csra/jul/storage/target/classes:/home/divine/workspace/csra/jul/extension/rsb/util/target/classes:/home/divine/workspace/csra/jul/extension/rsb/container/target/classes:/home/divine/workspace/csra/jul/extension/rsb/processing/target/classes:/home/divine/.m2/repository/com/google/code/gson/gson/2.3.1/gson-2.3.1.jar:/home/divine/workspace/csra/jul/extension/rsb/scope/target/classes:/home/divine/.m2/repository/rsb/rst-sandbox-csra/0.12.51/rst-sandbox-csra-0.12.51.jar:/home/divine/.m2/repository/rsb/rst-csra/0.12.51/rst-csra-0.12.51.jar:/home/divine/workspace/csra/jul/processing/target/classes:/home/divine/.m2/repository/com/googlecode/protobuf-java-format/protobuf-java-format/1.2/protobuf-java-format-1.2.jar:/home/divine/.m2/repository/commons-io/commons-io/2.4/commons-io-2.4.
Launcher Type: SUN_STANDARD

Environment Variables:
JAVA_HOME=/usr/lib/jvm/default-java
PATH=/home/divine/bin:/usr/local/bin:/usr/bin:/bin:/usr/local/games:/usr/games:/usr/lib/jvm/java-8-oracle/bin:/usr/lib/jvm/java-8-oracle/db/bin:/usr/lib/jvm/java-8-oracle/jre/bin
USERNAME=divine
LD_LIBRARY_PATH=/usr/lib/jvm/default-java/jre/lib/amd64:/usr/lib/jvm/default-java/jre/lib/i386:
SHELL=/bin/bash
DISPLAY=:0

Signal Handlers:
SIGSEGV: [libjvm.so+0xaad1e0], sa_mask[0]=11111111011111111101111111111110, sa_flags=SA_RESTART|SA_SIGINFO
SIGBUS: [libjvm.so+0xaad1e0], sa_mask[0]=11111111011111111101111111111110, sa_flags=SA_RESTART|SA_SIGINFO
SIGFPE: [libjvm.so+0x90b450], sa_mask[0]=11111111011111111101111111111110, sa_flags=SA_RESTART|SA_SIGINFO
SIGPIPE: SIG_IGN, sa_mask[0]=00000000000010000000000000000000, sa_flags=SA_RESTART
SIGXFSZ: [libjvm.so+0x90b450], sa_mask[0]=11111111011111111101111111111110, sa_flags=SA_RESTART|SA_SIGINFO
SIGILL: [libjvm.so+0x90b450], sa_mask[0]=11111111011111111101111111111110, sa_flags=SA_RESTART|SA_SIGINFO
SIGUSR1: SIG_DFL, sa_mask[0]=00000000000000000000000000000000, sa_flags=none
SIGUSR2: [libjvm.so+0x90ca90], sa_mask[0]=00100000000000000000000000000000, sa_flags=SA_RESTART|SA_SIGINFO
SIGHUP: [libjvm.so+0x90dde0], sa_mask[0]=11111111011111111101111111111110, sa_flags=SA_RESTART|SA_SIGINFO
SIGINT: SIG_IGN, sa_mask[0]=00000000000000000000000000000000, sa_flags=none
SIGTERM: [libjvm.so+0x90dde0], sa_mask[0]=11111111011111111101111111111110, sa_flags=SA_RESTART|SA_SIGINFO
SIGQUIT: [libjvm.so+0x90dde0], sa_mask[0]=11111111011111111101111111111110, sa_flags=SA_RESTART|SA_SIGINFO


---------------  S Y S T E M  ---------------

OS:DISTRIB_ID=LinuxMint
DISTRIB_RELEASE=1
DISTRIB_CODENAME=debian
DISTRIB_DESCRIPTION="LMDE Cinnamon Edition"

uname:Linux 3.11-2-amd64 #1 SMP Debian 3.11.8-1 (2013-11-13) x86_64
libc:glibc 2.17 NPTL 2.17 
rlimit: STACK 8192k, CORE 0k, NPROC 31503, NOFILE 4096, AS infinity
load average:0.23 0.51 0.57

/proc/meminfo:
MemTotal:        4058420 kB
MemFree:          201868 kB
Buffers:           21256 kB
Cached:           380480 kB
SwapCached:         8356 kB
Active:          2850540 kB
Inactive:         778760 kB
Active(anon):    2673680 kB
Inactive(anon):   583148 kB
Active(file):     176860 kB
Inactive(file):   195612 kB
Unevictable:        2104 kB
Mlocked:              16 kB
SwapTotal:       2047996 kB
SwapFree:        2018868 kB
Dirty:               308 kB
Writeback:             0 kB
AnonPages:       3221580 kB
Mapped:           186164 kB
Shmem:             27032 kB
Slab:             105820 kB
SReclaimable:      72244 kB
SUnreclaim:        33576 kB
KernelStack:        4704 kB
PageTables:        47980 kB
NFS_Unstable:          0 kB
Bounce:                0 kB
WritebackTmp:          0 kB
CommitLimit:     4077204 kB
Committed_AS:    6889704 kB
VmallocTotal:   34359738367 kB
VmallocUsed:      127932 kB
VmallocChunk:   34359607804 kB
HardwareCorrupted:     0 kB
AnonHugePages:         0 kB
HugePages_Total:       0
HugePages_Free:        0
HugePages_Rsvd:        0
HugePages_Surp:        0
Hugepagesize:       2048 kB
DirectMap4k:      559532 kB
DirectMap2M:     3633152 kB


CPU:total 2 (2 cores per cpu, 1 threads per core) family 6 model 15 stepping 11, cmov, cx8, fxsr, mmx, sse, sse2, sse3, ssse3, tsc

/proc/cpuinfo:
processor	: 0
vendor_id	: GenuineIntel
cpu family	: 6
model		: 15
model name	: Intel(R) Core(TM)2 Duo CPU     T7500  @ 2.20GHz
stepping	: 11
microcode	: 0xba
cpu MHz		: 2201.000
cache size	: 4096 KB
physical id	: 0
siblings	: 2
core id		: 0
cpu cores	: 2
apicid		: 0
initial apicid	: 0
fpu		: yes
fpu_exception	: yes
cpuid level	: 10
wp		: yes
flags		: fpu vme de pse tsc msr pae mce cx8 apic sep mtrr pge mca cmov pat pse36 clflush dts acpi mmx fxsr sse sse2 ss ht tm pbe syscall nx lm constant_tsc arch_perfmon pebs bts rep_good nopl aperfmperf pni dtes64 monitor ds_cpl vmx est tm2 ssse3 cx16 xtpr pdcm lahf_lm ida dtherm tpr_shadow vnmi flexpriority
bogomips	: 4388.89
clflush size	: 64
cache_alignment	: 64
address sizes	: 36 bits physical, 48 bits virtual
power management:

processor	: 1
vendor_id	: GenuineIntel
cpu family	: 6
model		: 15
model name	: Intel(R) Core(TM)2 Duo CPU     T7500  @ 2.20GHz
stepping	: 11
microcode	: 0xba
cpu MHz		: 2201.000
cache size	: 4096 KB
physical id	: 0
siblings	: 2
core id		: 1
cpu cores	: 2
apicid		: 1
initial apicid	: 1
fpu		: yes
fpu_exception	: yes
cpuid level	: 10
wp		: yes
flags		: fpu vme de pse tsc msr pae mce cx8 apic sep mtrr pge mca cmov pat pse36 clflush dts acpi mmx fxsr sse sse2 ss ht tm pbe syscall nx lm constant_tsc arch_perfmon pebs bts rep_good nopl aperfmperf pni dtes64 monitor ds_cpl vmx est tm2 ssse3 cx16 xtpr pdcm lahf_lm ida dtherm tpr_shadow vnmi flexpriority
bogomips	: 4388.89
clflush size	: 64
cache_alignment	: 64
address sizes	: 36 bits physical, 48 bits virtual
power management:



Memory: 4k page, physical 4058420k(201868k free), swap 2047996k(2018868k free)

vm_info: Java HotSpot(TM) 64-Bit Server VM (25.45-b02) for linux-amd64 JRE (1.8.0_45-b14), built on Apr 10 2015 10:07:45 by "java_re" with gcc 4.3.0 20080428 (Red Hat 4.3.0-8)

time: Sun Jul  5 15:27:23 2015
elapsed time: 625 seconds (0d 0h 10m 25s)

